#
# A fatal error has been detected by the Java Runtime Environment:
#
#  EXCEPTION_ACCESS_VIOLATION (0xc0000005) at pc=0x000000006387a940, pid=13744, tid=0x00000000000033ec
#
# JRE version: OpenJDK Runtime Environment (8.0_152-b01) (build 1.8.0_152-release-1248-b01)
# Java VM: OpenJDK 64-Bit Server VM (25.152-b01 mixed mode windows-amd64 compressed oops)
# Problematic frame:
# V  [jvm.dll+0x8a940]
#
# Failed to write core dump. Minidumps are not enabled by default on client versions of Windows
#
# If you would like to submit a bug report, please visit:
#   http://bugreport.java.com/bugreport/crash.jsp
#

---------------  T H R E A D  ---------------

Current thread (0x0000000002f88000):  GCTaskThread [stack: 0x0000000012940000,0x0000000012a40000] [id=13292]

siginfo: ExceptionCode=0xc0000005, reading address 0x000000053de08e48

Registers:
RAX=0x0000000000000000, RBX=0x00000000e226b378, RCX=0x00000000e226b378, RDX=0x000000053de08e40
RSP=0x0000000012a3f448, RBP=0x0000000012465801, RSI=0x00000000169a4040, RDI=0x00000000a6afb380
R8 =0x00000000169a4040, R9 =0x000000000000003e, R10=0x0000000000000008, R11=0x00000000f1153a68
R12=0x0000000012465781, R13=0xf8de6640e226b288, R14=0x0000000000000000, R15=0x0000000002f7e700
RIP=0x000000006387a940, EFLAGS=0x0000000000010202

Top of Stack: (sp=0x0000000012a3f448)
0x0000000012a3f448:   0000000063bbca32 00000000edba34b0
0x0000000012a3f458:   0000000000000004 00000000169a4040
0x0000000012a3f468:   00000000fbcf5750 00000000f114ba78
0x0000000012a3f478:   0000000000001000 00000000abd2d2c0
0x0000000012a3f488:   0000000000000400 0000000000000000
0x0000000012a3f498:   00000000169a4000 0000000012465781
0x0000000012a3f4a8:   0000000063bbcda0 00000000f114d380
0x0000000012a3f4b8:   0000000012465801 00000000169a4040
0x0000000012a3f4c8:   00000000a6afb380 00000000f114d380
0x0000000012a3f4d8:   0000000063bbd945 00000000e7ad5f60
0x0000000012a3f4e8:   0000000012465401 00000000169a4040
0x0000000012a3f4f8:   0000000000000003 00000000169a4040
0x0000000012a3f508:   00000000169a4040 0000000000000000
0x0000000012a3f518:   00000000638df747 00000000169a4040
0x0000000012a3f528:   00000000638dd903 00000000a6a7fcf1
0x0000000012a3f538:   00000000a6a7fcf1 00000000a6afb068 

Instructions: (pc=0x000000006387a940)
0x000000006387a920:   ac 50 1d 00 48 8b 9c 24 c0 00 00 00 48 81 c4 b0
0x000000006387a930:   00 00 00 5d c3 cc cc cc cc cc cc cc cc cc cc cc
0x000000006387a940:   44 8b 42 08 4c 8b ca 45 85 c0 7e 0e 41 f6 c0 01
0x000000006387a950:   75 57 41 c1 f8 03 41 8b c0 c3 79 4d 80 3d 9e 10 


Register to memory mapping:

RAX=0x0000000000000000 is an unknown value
RBX=0x00000000e226b378 is an oop

[error occurred during error reporting (printing register info), id 0xc0000005]

Stack: [0x0000000012940000,0x0000000012a40000],  sp=0x0000000012a3f448,  free space=1021k
Native frames: (J=compiled Java code, j=interpreted, Vv=VM code, C=native code)
V  [jvm.dll+0x8a940]


---------------  P R O C E S S  ---------------

Java Threads: ( => current thread )
  0x000000001907f000 JavaThread "Cache worker for Java compile cache (C:\Users\breezil\Desktop\pro\New folder\New folder (4)\Pixxo\.gradle\4.6\javaCompile)" [_thread_blocked, id=15284, stack(0x0000000046a90000,0x0000000046b90000)]
  0x0000000019077800 JavaThread "Task worker for ':' Thread 3" [_thread_blocked, id=11384, stack(0x0000000046990000,0x0000000046a90000)]
  0x000000001907e000 JavaThread "Task worker for ':' Thread 2" [_thread_blocked, id=9096, stack(0x0000000046890000,0x0000000046990000)]
  0x0000000019076000 JavaThread "Task worker for ':'" [_thread_blocked, id=5352, stack(0x0000000046790000,0x0000000046890000)]
  0x000000001907a800 JavaThread "Cache worker for Build Output Cleanup Cache (C:\Users\breezil\Desktop\pro\New folder\New folder (4)\Pixxo\.gradle\buildOutputCleanup)" [_thread_blocked, id=6564, stack(0x0000000046690000,0x0000000046790000)]
  0x0000000019075000 JavaThread "Cache worker for task history cache (C:\Users\breezil\Desktop\pro\New folder\New folder (4)\Pixxo\.gradle\4.6\taskHistory)" [_thread_blocked, id=6844, stack(0x0000000046590000,0x0000000046690000)]
  0x0000000019074800 JavaThread "Cache worker for file content cache (C:\Users\breezil\Desktop\pro\New folder\New folder (4)\Pixxo\.gradle\4.6\fileContent)" [_thread_blocked, id=4248, stack(0x0000000046490000,0x0000000046590000)]
  0x0000000019073800 JavaThread "Build operations Thread 4" [_thread_blocked, id=2084, stack(0x0000000046390000,0x0000000046490000)]
  0x0000000018d31800 JavaThread "Build operations Thread 3" [_thread_blocked, id=13284, stack(0x0000000046290000,0x0000000046390000)]
  0x0000000018d30800 JavaThread "Build operations Thread 2" [_thread_blocked, id=7644, stack(0x0000000046190000,0x0000000046290000)]
  0x0000000018d30000 JavaThread "Build operations" [_thread_blocked, id=13560, stack(0x0000000046090000,0x0000000046190000)]
  0x0000000018d2f000 JavaThread "Cache worker for Artifact transforms cache (C:\Users\breezil\.gradle\caches\transforms-1)" [_thread_blocked, id=15084, stack(0x0000000045f90000,0x0000000046090000)]
  0x0000000018d2d800 JavaThread "Cache worker for file hash cache (C:\Users\breezil\Desktop\pro\New folder\New folder (4)\Pixxo\.gradle\4.6\fileHashes)" [_thread_blocked, id=724, stack(0x0000000045e90000,0x0000000045f90000)]
  0x0000000018d29800 JavaThread "Stdin handler" [_thread_blocked, id=8740, stack(0x0000000045d90000,0x0000000045e90000)]
  0x0000000018d22000 JavaThread "Asynchronous log dispatcher for DefaultDaemonConnection: socket connection from /127.0.0.1:50228 to /127.0.0.1:53049" [_thread_blocked, id=9184, stack(0x0000000045c90000,0x0000000045d90000)]
  0x0000000018d28000 JavaThread "Daemon worker Thread 11" [_thread_blocked, id=8832, stack(0x0000000045b90000,0x0000000045c90000)]
  0x0000000018d27800 JavaThread "Cancel handler" [_thread_blocked, id=11204, stack(0x0000000045a90000,0x0000000045b90000)]
  0x0000000018d26800 JavaThread "Handler for socket connection from /127.0.0.1:50228 to /127.0.0.1:53049" [_thread_in_native, id=13508, stack(0x0000000045990000,0x0000000045a90000)]
  0x0000000018d25000 JavaThread "Daemon Thread 11" [_thread_blocked, id=12424, stack(0x0000000045890000,0x0000000045990000)]
  0x000000001907c800 JavaThread "MarlinRenderer Disposer" daemon [_thread_blocked, id=15044, stack(0x0000000025d50000,0x0000000025e50000)]
  0x000000001907c000 JavaThread "Java2D Disposer" daemon [_thread_blocked, id=14784, stack(0x0000000025c50000,0x0000000025d50000)]
  0x0000000018d24800 JavaThread "Memory manager" [_thread_blocked, id=6256, stack(0x0000000020fb0000,0x00000000210b0000)]
  0x0000000018d23800 JavaThread "pool-1-thread-1" [_thread_blocked, id=14164, stack(0x000000001fa80000,0x000000001fb80000)]
  0x000000001a0f9800 JavaThread "File lock request listener" [_thread_in_native, id=12820, stack(0x000000001c450000,0x000000001c550000)]
  0x0000000019a5c800 JavaThread "Cache worker for file hash cache (C:\Users\breezil\.gradle\caches\4.6\fileHashes)" [_thread_blocked, id=10108, stack(0x000000001b380000,0x000000001b480000)]
  0x00000000199a0000 JavaThread "Daemon periodic checks" [_thread_blocked, id=13828, stack(0x000000001a880000,0x000000001a980000)]
  0x0000000019995800 JavaThread "Incoming local TCP Connector on port 50228" [_thread_in_native, id=13708, stack(0x000000001a640000,0x000000001a740000)]
  0x0000000018361800 JavaThread "Service Thread" daemon [_thread_blocked, id=14020, stack(0x0000000018730000,0x0000000018830000)]
  0x00000000169eb000 JavaThread "C1 CompilerThread2" daemon [_thread_blocked, id=13484, stack(0x0000000018230000,0x0000000018330000)]
  0x00000000169e4800 JavaThread "C2 CompilerThread1" daemon [_thread_blocked, id=12828, stack(0x0000000018130000,0x0000000018230000)]
  0x00000000169e1800 JavaThread "C2 CompilerThread0" daemon [_thread_blocked, id=9472, stack(0x0000000018030000,0x0000000018130000)]
  0x00000000169df000 JavaThread "Attach Listener" daemon [_thread_blocked, id=2116, stack(0x0000000017f30000,0x0000000018030000)]
  0x00000000169dc000 JavaThread "Signal Dispatcher" daemon [_thread_blocked, id=2252, stack(0x0000000017e30000,0x0000000017f30000)]
  0x00000000169c9000 JavaThread "Finalizer" daemon [_thread_blocked, id=12420, stack(0x0000000017c40000,0x0000000017d40000)]
  0x0000000003064000 JavaThread "Reference Handler" daemon [_thread_blocked, id=13556, stack(0x0000000017b40000,0x0000000017c40000)]
  0x0000000002f72800 JavaThread "main" [_thread_blocked, id=10096, stack(0x0000000002e10000,0x0000000002f10000)]

Other Threads:
  0x00000000169a7800 VMThread [stack: 0x0000000017a40000,0x0000000017b40000] [id=14236]
  0x0000000018362000 WatcherThread [stack: 0x0000000018830000,0x0000000018930000] [id=1448]

=>0x0000000002f88000 (exited) GCTaskThread [stack: 0x0000000012940000,0x0000000012a40000] [id=13292]

VM state:at safepoint (normal execution)

VM Mutex/Monitor currently owned by a thread:  ([mutex/lock_event])
[0x0000000002f6ea90] Threads_lock - owner thread: 0x00000000169a7800
[0x0000000002f6ee10] Heap_lock - owner thread: 0x0000000018d28000

Heap:
 PSYoungGen      total 389632K, used 353585K [0x00000000e0000000, 0x0000000100000000, 0x0000000100000000)
  eden space 269312K, 100% used [0x00000000e0000000,0x00000000f0700000,0x00000000f0700000)
  from space 120320K, 70% used [0x00000000f8a80000,0x00000000fdccc588,0x0000000100000000)
  to   space 127488K, 15% used [0x00000000f0700000,0x00000000f19be158,0x00000000f8380000)
 ParOldGen       total 362496K, used 223462K [0x00000000a0000000, 0x00000000b6200000, 0x00000000e0000000)
  object space 362496K, 61% used [0x00000000a0000000,0x00000000ada39af8,0x00000000b6200000)
 Metaspace       used 145171K, capacity 152032K, committed 152104K, reserved 1181696K
  class space    used 17855K, capacity 19206K, committed 19248K, reserved 1048576K

Card table byte_map: [0x0000000012430000,0x0000000012740000] byte_map_base: 0x0000000011f30000

Marking Bits: (ParMarkBitMap*) 0x0000000063fb5aa0
 Begin Bits: [0x0000000012d40000, 0x0000000014540000)
 End Bits:   [0x0000000014540000, 0x0000000015d40000)

Polling page: 0x0000000000bf0000

CodeCache: size=245760Kb used=111623Kb max_used=111638Kb free=134136Kb
 bounds [0x0000000003070000, 0x0000000009e20000, 0x0000000012070000]
 total_blobs=30570 nmethods=29556 adapters=924
 compilation: enabled

Compilation events (10 events):
Event: 11644.476 Thread 0x00000000169e4800 nmethod 46785 0x0000000009e15c50 code [0x0000000009e15dc0, 0x0000000009e15f68]
Event: 11644.476 Thread 0x00000000169e1800 nmethod 46786 0x0000000009e13ed0 code [0x0000000009e14040, 0x0000000009e141c8]
Event: 11644.478 Thread 0x00000000169e4800 46787   !   4       com.sun.tools.javac.jvm.Code$State::dup (109 bytes)
Event: 11644.497 Thread 0x00000000169e4800 nmethod 46787 0x0000000009e11210 code [0x0000000009e113c0, 0x0000000009e11ac8]
Event: 11644.748 Thread 0x00000000169e1800 46788       4       com.sun.tools.javac.comp.Attr$TypeAnnotationsValidator::visitBlock (16 bytes)
Event: 11644.750 Thread 0x00000000169e1800 nmethod 46788 0x0000000009df1e10 code [0x0000000009df1f60, 0x0000000009df2078]
Event: 11644.806 Thread 0x00000000169e4800 46789       4       java.util.EnumMap$EntryIterator$Entry::getValue (30 bytes)
Event: 11644.808 Thread 0x00000000169e4800 nmethod 46789 0x0000000009e12310 code [0x0000000009e12460, 0x0000000009e12558]
Event: 11644.921 Thread 0x00000000169e1800 46790       4       com.sun.tools.javac.util.Name::startsWith (87 bytes)
Event: 11644.925 Thread 0x00000000169e1800 nmethod 46790 0x0000000009e10d90 code [0x0000000009e10ee0, 0x0000000009e11078]

GC Heap History (10 events):
Event: 11615.470 GC heap after
Heap after GC invocations=110 (full 10):
 PSYoungGen      total 386560K, used 12510K [0x00000000e0000000, 0x0000000100000000, 0x0000000100000000)
  eden space 265728K, 0% used [0x00000000e0000000,0x00000000e0000000,0x00000000f0380000)
  from space 120832K, 10% used [0x00000000f7680000,0x00000000f82b78d0,0x00000000fec80000)
  to   space 117760K, 0% used [0x00000000f0380000,0x00000000f0380000,0x00000000f7680000)
 ParOldGen       total 362496K, used 85668K [0x00000000a0000000, 0x00000000b6200000, 0x00000000e0000000)
  object space 362496K, 23% used [0x00000000a0000000,0x00000000a53a9328,0x00000000b6200000)
 Metaspace       used 126384K, capacity 132150K, committed 150440K, reserved 1181696K
  class space    used 15486K, capacity 16645K, committed 19120K, reserved 1048576K
}
Event: 11626.416 GC heap before
{Heap before GC invocations=111 (full 10):
 PSYoungGen      total 386560K, used 278238K [0x00000000e0000000, 0x0000000100000000, 0x0000000100000000)
  eden space 265728K, 100% used [0x00000000e0000000,0x00000000f0380000,0x00000000f0380000)
  from space 120832K, 10% used [0x00000000f7680000,0x00000000f82b78d0,0x00000000fec80000)
  to   space 117760K, 0% used [0x00000000f0380000,0x00000000f0380000,0x00000000f7680000)
 ParOldGen       total 362496K, used 85668K [0x00000000a0000000, 0x00000000b6200000, 0x00000000e0000000)
  object space 362496K, 23% used [0x00000000a0000000,0x00000000a53a9328,0x00000000b6200000)
 Metaspace       used 126759K, capacity 132856K, committed 150440K, reserved 1181696K
  class space    used 15527K, capacity 16720K, committed 19120K, reserved 1048576K
Event: 11626.452 GC heap after
Heap after GC invocations=111 (full 10):
 PSYoungGen      total 383488K, used 24780K [0x00000000e0000000, 0x00000000ff200000, 0x0000000100000000)
  eden space 265728K, 0% used [0x00000000e0000000,0x00000000e0000000,0x00000000f0380000)
  from space 117760K, 21% used [0x00000000f0380000,0x00000000f1bb3260,0x00000000f7680000)
  to   space 112128K, 0% used [0x00000000f8480000,0x00000000f8480000,0x00000000ff200000)
 ParOldGen       total 362496K, used 94443K [0x00000000a0000000, 0x00000000b6200000, 0x00000000e0000000)
  object space 362496K, 26% used [0x00000000a0000000,0x00000000a5c3ae38,0x00000000b6200000)
 Metaspace       used 126759K, capacity 132856K, committed 150440K, reserved 1181696K
  class space    used 15527K, capacity 16720K, committed 19120K, reserved 1048576K
}
Event: 11630.412 GC heap before
{Heap before GC invocations=112 (full 10):
 PSYoungGen      total 383488K, used 290508K [0x00000000e0000000, 0x00000000ff200000, 0x0000000100000000)
  eden space 265728K, 100% used [0x00000000e0000000,0x00000000f0380000,0x00000000f0380000)
  from space 117760K, 21% used [0x00000000f0380000,0x00000000f1bb3260,0x00000000f7680000)
  to   space 112128K, 0% used [0x00000000f8480000,0x00000000f8480000,0x00000000ff200000)
 ParOldGen       total 362496K, used 94443K [0x00000000a0000000, 0x00000000b6200000, 0x00000000e0000000)
  object space 362496K, 26% used [0x00000000a0000000,0x00000000a5c3ae38,0x00000000b6200000)
 Metaspace       used 140045K, capacity 146362K, committed 150440K, reserved 1181696K
  class space    used 17181K, capacity 18431K, committed 19120K, reserved 1048576K
Event: 11630.506 GC heap after
Heap after GC invocations=112 (full 10):
 PSYoungGen      total 399872K, used 52459K [0x00000000e0000000, 0x00000000ff680000, 0x0000000100000000)
  eden space 287744K, 0% used [0x00000000e0000000,0x00000000e0000000,0x00000000f1900000)
  from space 112128K, 46% used [0x00000000f8480000,0x00000000fb7bad18,0x00000000ff200000)
  to   space 110080K, 0% used [0x00000000f1900000,0x00000000f1900000,0x00000000f8480000)
 ParOldGen       total 362496K, used 118050K [0x00000000a0000000, 0x00000000b6200000, 0x00000000e0000000)
  object space 362496K, 32% used [0x00000000a0000000,0x00000000a7348ba8,0x00000000b6200000)
 Metaspace       used 140045K, capacity 146362K, committed 150440K, reserved 1181696K
  class space    used 17181K, capacity 18431K, committed 19120K, reserved 1048576K
}
Event: 11634.404 GC heap before
{Heap before GC invocations=113 (full 10):
 PSYoungGen      total 399872K, used 340203K [0x00000000e0000000, 0x00000000ff680000, 0x0000000100000000)
  eden space 287744K, 100% used [0x00000000e0000000,0x00000000f1900000,0x00000000f1900000)
  from space 112128K, 46% used [0x00000000f8480000,0x00000000fb7bad18,0x00000000ff200000)
  to   space 110080K, 0% used [0x00000000f1900000,0x00000000f1900000,0x00000000f8480000)
 ParOldGen       total 362496K, used 118050K [0x00000000a0000000, 0x00000000b6200000, 0x00000000e0000000)
  object space 362496K, 32% used [0x00000000a0000000,0x00000000a7348ba8,0x00000000b6200000)
 Metaspace       used 143528K, capacity 150050K, committed 150440K, reserved 1181696K
  class space    used 17620K, capacity 18909K, committed 19120K, reserved 1048576K
Event: 11634.573 GC heap after
Heap after GC invocations=113 (full 10):
 PSYoungGen      total 397824K, used 84635K [0x00000000e0000000, 0x0000000100000000, 0x0000000100000000)
  eden space 287744K, 0% used [0x00000000e0000000,0x00000000e0000000,0x00000000f1900000)
  from space 110080K, 76% used [0x00000000f1900000,0x00000000f6ba6c30,0x00000000f8480000)
  to   space 120320K, 0% used [0x00000000f8a80000,0x00000000f8a80000,0x0000000100000000)
 ParOldGen       total 362496K, used 157888K [0x00000000a0000000, 0x00000000b6200000, 0x00000000e0000000)
  object space 362496K, 43% used [0x00000000a0000000,0x00000000a9a303d8,0x00000000b6200000)
 Metaspace       used 143528K, capacity 150050K, committed 150440K, reserved 1181696K
  class space    used 17620K, capacity 18909K, committed 19120K, reserved 1048576K
}
Event: 11636.557 GC heap before
{Heap before GC invocations=114 (full 10):
 PSYoungGen      total 397824K, used 372379K [0x00000000e0000000, 0x0000000100000000, 0x0000000100000000)
  eden space 287744K, 100% used [0x00000000e0000000,0x00000000f1900000,0x00000000f1900000)
  from space 110080K, 76% used [0x00000000f1900000,0x00000000f6ba6c30,0x00000000f8480000)
  to   space 120320K, 0% used [0x00000000f8a80000,0x00000000f8a80000,0x0000000100000000)
 ParOldGen       total 362496K, used 157888K [0x00000000a0000000, 0x00000000b6200000, 0x00000000e0000000)
  object space 362496K, 43% used [0x00000000a0000000,0x00000000a9a303d8,0x00000000b6200000)
 Metaspace       used 145153K, capacity 152032K, committed 152104K, reserved 1181696K
  class space    used 17855K, capacity 19206K, committed 19248K, reserved 1048576K
Event: 11636.719 GC heap after
Heap after GC invocations=114 (full 10):
 PSYoungGen      total 389632K, used 84273K [0x00000000e0000000, 0x0000000100000000, 0x0000000100000000)
  eden space 269312K, 0% used [0x00000000e0000000,0x00000000e0000000,0x00000000f0700000)
  from space 120320K, 70% used [0x00000000f8a80000,0x00000000fdccc588,0x0000000100000000)
  to   space 127488K, 0% used [0x00000000f0700000,0x00000000f0700000,0x00000000f8380000)
 ParOldGen       total 362496K, used 191973K [0x00000000a0000000, 0x00000000b6200000, 0x00000000e0000000)
  object space 362496K, 52% used [0x00000000a0000000,0x00000000abb79780,0x00000000b6200000)
 Metaspace       used 145153K, capacity 152032K, committed 152104K, reserved 1181696K
  class space    used 17855K, capacity 19206K, committed 19248K, reserved 1048576K
}
Event: 11645.156 GC heap before
{Heap before GC invocations=115 (full 10):
 PSYoungGen      total 389632K, used 353585K [0x00000000e0000000, 0x0000000100000000, 0x0000000100000000)
  eden space 269312K, 100% used [0x00000000e0000000,0x00000000f0700000,0x00000000f0700000)
  from space 120320K, 70% used [0x00000000f8a80000,0x00000000fdccc588,0x0000000100000000)
  to   space 127488K, 0% used [0x00000000f0700000,0x00000000f0700000,0x00000000f8380000)
 ParOldGen       total 362496K, used 191973K [0x00000000a0000000, 0x00000000b6200000, 0x00000000e0000000)
  object space 362496K, 52% used [0x00000000a0000000,0x00000000abb79780,0x00000000b6200000)
 Metaspace       used 145171K, capacity 152032K, committed 152104K, reserved 1181696K
  class space    used 17855K, capacity 19206K, committed 19248K, reserved 1048576K

Deoptimization events (10 events):
Event: 11635.789 Thread 0x0000000018d28000 Uncommon trap: reason=unloaded action=reinterpret pc=0x0000000008ed45fc method=org.openjdk.tools.javac.parser.JavaTokenizer.readToken()Lorg/openjdk/tools/javac/parser/Tokens$Token; @ 2196
Event: 11635.837 Thread 0x0000000018d28000 Uncommon trap: reason=class_check action=maybe_recompile pc=0x0000000007078288 method=org.openjdk.tools.javac.parser.Scanner.token(I)Lorg/openjdk/tools/javac/parser/Tokens$Token; @ 26
Event: 11635.837 Thread 0x0000000018d28000 Uncommon trap: reason=class_check action=maybe_recompile pc=0x0000000007078288 method=org.openjdk.tools.javac.parser.Scanner.token(I)Lorg/openjdk/tools/javac/parser/Tokens$Token; @ 26
Event: 11635.837 Thread 0x0000000018d28000 Uncommon trap: reason=class_check action=maybe_recompile pc=0x0000000007078288 method=org.openjdk.tools.javac.parser.Scanner.token(I)Lorg/openjdk/tools/javac/parser/Tokens$Token; @ 26
Event: 11635.837 Thread 0x0000000018d28000 Uncommon trap: reason=class_check action=maybe_recompile pc=0x0000000007078288 method=org.openjdk.tools.javac.parser.Scanner.token(I)Lorg/openjdk/tools/javac/parser/Tokens$Token; @ 26
Event: 11635.837 Thread 0x0000000018d28000 Uncommon trap: reason=class_check action=maybe_recompile pc=0x0000000005d7ce78 method=org.openjdk.tools.javac.parser.Scanner.nextToken()V @ 31
Event: 11635.837 Thread 0x0000000018d28000 Uncommon trap: reason=class_check action=maybe_recompile pc=0x0000000005d7ce78 method=org.openjdk.tools.javac.parser.Scanner.nextToken()V @ 31
Event: 11635.837 Thread 0x0000000018d28000 Uncommon trap: reason=class_check action=maybe_recompile pc=0x0000000005d7ce78 method=org.openjdk.tools.javac.parser.Scanner.nextToken()V @ 31
Event: 11635.837 Thread 0x0000000018d28000 Uncommon trap: reason=class_check action=maybe_recompile pc=0x0000000005d7ce78 method=org.openjdk.tools.javac.parser.Scanner.nextToken()V @ 31
Event: 11644.940 Thread 0x0000000018d28000 Uncommon trap: reason=predicate action=maybe_recompile pc=0x0000000009e11018 method=com.sun.tools.javac.util.Name.startsWith(Lcom/sun/tools/javac/util/Name;)Z @ 44

Classes redefined (0 events):
No events

Internal exceptions (10 events):
Event: 11460.910 Thread 0x000000001907e000 Exception <a 'sun/nio/fs/WindowsException'> (0x00000000ea8c3ac8) thrown at [D:\src\AOSP-openjdk-cygwin\jdk8u\hotspot\src\share\vm\prims\jni.cpp, line 709]
Event: 11462.263 Thread 0x0000000019075000 Exception <a 'sun/nio/fs/WindowsException'> (0x00000000eb407b70) thrown at [D:\src\AOSP-openjdk-cygwin\jdk8u\hotspot\src\share\vm\prims\jni.cpp, line 709]
Event: 11462.346 Thread 0x000000001907f800 Exception <a 'sun/nio/fs/WindowsException'> (0x00000000ec241338) thrown at [D:\src\AOSP-openjdk-cygwin\jdk8u\hotspot\src\share\vm\prims\jni.cpp, line 709]
Event: 11614.609 Thread 0x0000000018d28000 Exception <a 'sun/nio/fs/WindowsException'> (0x00000000edd3bb00) thrown at [D:\src\AOSP-openjdk-cygwin\jdk8u\hotspot\src\share\vm\prims\jni.cpp, line 709]
Event: 11614.619 Thread 0x0000000018d28000 Exception <a 'sun/nio/fs/WindowsException'> (0x00000000edd47c80) thrown at [D:\src\AOSP-openjdk-cygwin\jdk8u\hotspot\src\share\vm\prims\jni.cpp, line 709]
Event: 11614.752 Thread 0x0000000018d28000 Exception <a 'sun/nio/fs/WindowsException'> (0x00000000ee3c50c8) thrown at [D:\src\AOSP-openjdk-cygwin\jdk8u\hotspot\src\share\vm\prims\jni.cpp, line 709]
Event: 11621.214 Thread 0x000000001907e000 Exception <a 'sun/nio/fs/WindowsException'> (0x00000000eb048da8) thrown at [D:\src\AOSP-openjdk-cygwin\jdk8u\hotspot\src\share\vm\prims\jni.cpp, line 709]
Event: 11621.214 Thread 0x000000001907f800 Exception <a 'sun/nio/fs/WindowsException'> (0x00000000eb0613b0) thrown at [D:\src\AOSP-openjdk-cygwin\jdk8u\hotspot\src\share\vm\prims\jni.cpp, line 709]
Event: 11632.475 Thread 0x0000000018d28000 Exception <a 'java/lang/ClassNotFoundException': com/sun/org/glassfish/hk2/osgiresourcelocator/ServiceLoader> (0x00000000e8805308) thrown at [D:\src\AOSP-openjdk-cygwin\jdk8u\hotspot\src\share\vm\classfile\systemDictionary.cpp, line 210]
Event: 11634.994 Thread 0x0000000018d28000 Implicit null exception at 0x0000000009c321b7 to 0x0000000009c323b5

Events (10 events):
Event: 11636.557 Executing VM operation: ParallelGCFailedAllocation
Event: 11636.720 Executing VM operation: ParallelGCFailedAllocation done
Event: 11637.471 Executing VM operation: ForceSafepoint
Event: 11637.498 Executing VM operation: ForceSafepoint done
Event: 11637.883 Executing VM operation: ForceSafepoint
Event: 11637.883 Executing VM operation: ForceSafepoint done
Event: 11644.940 Thread 0x0000000018d28000 Uncommon trap: trap_request=0xffffff86 fr.pc=0x0000000009e11018
Event: 11644.940 Thread 0x0000000018d28000 DEOPT PACKING pc=0x0000000009e11018 sp=0x0000000045c8a0f0
Event: 11644.940 Thread 0x0000000018d28000 DEOPT UNPACKING pc=0x00000000030b557b sp=0x0000000045c8a068 mode 2
Event: 11645.155 Executing VM operation: ParallelGCFailedAllocation


Dynamic libraries:
0x00007ff7c8cd0000 - 0x00007ff7c8d01000 	C:\Program Files\Android\Android Studio\jre\bin\java.exe
0x00007ff8a6420000 - 0x00007ff8a6601000 	C:\WINDOWS\SYSTEM32\ntdll.dll
0x00007ff8a3ef0000 - 0x00007ff8a3fa2000 	C:\WINDOWS\System32\KERNEL32.DLL
0x00007ff8a28a0000 - 0x00007ff8a2b13000 	C:\WINDOWS\System32\KERNELBASE.dll
0x00007ff8a3a80000 - 0x00007ff8a3b21000 	C:\WINDOWS\System32\ADVAPI32.dll
0x00007ff8a5a70000 - 0x00007ff8a5b0e000 	C:\WINDOWS\System32\msvcrt.dll
0x00007ff8a3b30000 - 0x00007ff8a3b8b000 	C:\WINDOWS\System32\sechost.dll
0x00007ff8a5f30000 - 0x00007ff8a6054000 	C:\WINDOWS\System32\RPCRT4.dll
0x00007ff8a3c90000 - 0x00007ff8a3e20000 	C:\WINDOWS\System32\USER32.dll
0x00007ff8a3500000 - 0x00007ff8a3520000 	C:\WINDOWS\System32\win32u.dll
0x00007ff8a38d0000 - 0x00007ff8a38f8000 	C:\WINDOWS\System32\GDI32.dll
0x00007ff8a3230000 - 0x00007ff8a33c2000 	C:\WINDOWS\System32\gdi32full.dll
0x00007ff8a3620000 - 0x00007ff8a36bf000 	C:\WINDOWS\System32\msvcp_win.dll
0x00007ff8a3520000 - 0x00007ff8a361a000 	C:\WINDOWS\System32\ucrtbase.dll
0x00007ff896780000 - 0x00007ff8969e9000 	C:\WINDOWS\WinSxS\amd64_microsoft.windows.common-controls_6595b64144ccf1df_6.0.17134.590_none_fb3d9bff3069e088\COMCTL32.dll
0x00007ff8a5c00000 - 0x00007ff8a5f22000 	C:\WINDOWS\System32\combase.dll
0x00007ff8a3480000 - 0x00007ff8a34fa000 	C:\WINDOWS\System32\bcryptPrimitives.dll
0x00007ff8a6110000 - 0x00007ff8a613d000 	C:\WINDOWS\System32\IMM32.DLL
0x0000000063710000 - 0x00000000637e2000 	C:\Program Files\Android\Android Studio\jre\jre\bin\msvcr100.dll
0x00000000637f0000 - 0x0000000064031000 	C:\Program Files\Android\Android Studio\jre\jre\bin\server\jvm.dll
0x00007ff8a58c0000 - 0x00007ff8a58c8000 	C:\WINDOWS\System32\PSAPI.DLL
0x00007ff89d710000 - 0x00007ff89d733000 	C:\WINDOWS\SYSTEM32\WINMM.dll
0x00007ff894c00000 - 0x00007ff894c0a000 	C:\WINDOWS\SYSTEM32\VERSION.dll
0x00007ff894b50000 - 0x00007ff894b59000 	C:\WINDOWS\SYSTEM32\WSOCK32.dll
0x00007ff89d6e0000 - 0x00007ff89d70a000 	C:\WINDOWS\SYSTEM32\WINMMBASE.dll
0x00007ff8a61b0000 - 0x00007ff8a621c000 	C:\WINDOWS\System32\WS2_32.dll
0x00007ff8a33d0000 - 0x00007ff8a3419000 	C:\WINDOWS\System32\cfgmgr32.dll
0x00007ff88c6e0000 - 0x00007ff88c6ef000 	C:\Program Files\Android\Android Studio\jre\jre\bin\verify.dll
0x00007ff888da0000 - 0x00007ff888dc9000 	C:\Program Files\Android\Android Studio\jre\jre\bin\java.dll
0x00007ff89d890000 - 0x00007ff89d8a6000 	C:\Program Files\Android\Android Studio\jre\jre\bin\zip.dll
0x00007ff8a3fb0000 - 0x00007ff8a53f0000 	C:\WINDOWS\System32\SHELL32.dll
0x00007ff8a6060000 - 0x00007ff8a6109000 	C:\WINDOWS\System32\shcore.dll
0x00007ff8a2b20000 - 0x00007ff8a322d000 	C:\WINDOWS\System32\windows.storage.dll
0x00007ff8a6220000 - 0x00007ff8a6271000 	C:\WINDOWS\System32\shlwapi.dll
0x00007ff8a27a0000 - 0x00007ff8a27b1000 	C:\WINDOWS\System32\kernel.appcore.dll
0x00007ff8a2730000 - 0x00007ff8a274f000 	C:\WINDOWS\System32\profapi.dll
0x00007ff8a2750000 - 0x00007ff8a279c000 	C:\WINDOWS\System32\powrprof.dll
0x00007ff8a27e0000 - 0x00007ff8a27ea000 	C:\WINDOWS\System32\FLTLIB.DLL
0x00007ff888a00000 - 0x00007ff888a1a000 	C:\Program Files\Android\Android Studio\jre\jre\bin\net.dll
0x00007ff8a1fb0000 - 0x00007ff8a2016000 	C:\WINDOWS\system32\mswsock.dll
0x00007ff887cb0000 - 0x00007ff887cc1000 	C:\Program Files\Android\Android Studio\jre\jre\bin\nio.dll
0x00007ff8995e0000 - 0x00007ff8995fe000 	C:\Users\breezil\.gradle\native\25\windows-amd64\native-platform.dll
0x00007ff89d7e0000 - 0x00007ff89d7ed000 	C:\Program Files\Android\Android Studio\jre\jre\bin\management.dll
0x00007ff8a2160000 - 0x00007ff8a2177000 	C:\WINDOWS\SYSTEM32\CRYPTSP.dll
0x00007ff8a1b90000 - 0x00007ff8a1bc3000 	C:\WINDOWS\system32\rsaenh.dll
0x00007ff8a2290000 - 0x00007ff8a22b5000 	C:\WINDOWS\SYSTEM32\bcrypt.dll
0x00007ff8a2630000 - 0x00007ff8a2658000 	C:\WINDOWS\SYSTEM32\USERENV.dll
0x00007ff8a2180000 - 0x00007ff8a218b000 	C:\WINDOWS\SYSTEM32\CRYPTBASE.dll
0x00007ff8a1d30000 - 0x00007ff8a1d68000 	C:\WINDOWS\SYSTEM32\IPHLPAPI.DLL
0x00007ff8a6280000 - 0x00007ff8a6288000 	C:\WINDOWS\System32\NSI.dll
0x00007ff898450000 - 0x00007ff898466000 	C:\WINDOWS\SYSTEM32\dhcpcsvc6.DLL
0x00007ff898430000 - 0x00007ff89844a000 	C:\WINDOWS\SYSTEM32\dhcpcsvc.DLL
0x00007ff8a1800000 - 0x00007ff8a1831000 	C:\WINDOWS\SYSTEM32\ntmarta.dll
0x00007ff875580000 - 0x00007ff875717000 	C:\Program Files\Android\Android Studio\jre\jre\bin\awt.dll
0x00007ff8a3e20000 - 0x00007ff8a3ee3000 	C:\WINDOWS\System32\OLEAUT32.dll
0x00007ff89f9c0000 - 0x00007ff89ff87000 	C:\WINDOWS\SYSTEM32\d2d1.dll
0x00007ff8a0670000 - 0x00007ff8a06fb000 	C:\WINDOWS\SYSTEM32\apphelp.dll
0x00007ff8a0bb0000 - 0x00007ff8a0bd9000 	C:\WINDOWS\system32\DWMAPI.DLL
0x00007ff8a07a0000 - 0x00007ff8a0838000 	C:\WINDOWS\system32\uxtheme.dll
0x000000006adc0000 - 0x000000006aeb2000 	C:\Users\breezil\AppData\Local\Temp\room-4e684ad1-ddaa-4aec-b41e-c702aab64964\sqlite-3.20.1-5f516c33-af78-4a2c-8cbf-7f2310f5f63a-sqlitejdbc.dll
0x000000001c550000 - 0x000000001c642000 	C:\Users\breezil\AppData\Local\Temp\room-0e3888bc-632e-4752-8a1c-5f739d717f70\sqlite-3.20.1-78eb487e-59b0-41aa-86ca-7ec2c95756e2-sqlitejdbc.dll
0x00007ff893be0000 - 0x00007ff893da9000 	C:\WINDOWS\SYSTEM32\dbghelp.dll

VM Arguments:
jvm_args: -Xmx1536m -Dfile.encoding=windows-1252 -Duser.country=US -Duser.language=en -Duser.variant 
java_command: org.gradle.launcher.daemon.bootstrap.GradleDaemon 4.6
java_class_path (initial): C:\Users\breezil\.gradle\wrapper\dists\gradle-4.6-all\bcst21l2brirad8k2ben1letg\gradle-4.6\lib\gradle-launcher-4.6.jar
Launcher Type: SUN_STANDARD

Environment Variables:
JAVA_HOME=C:\Program Files\Java\jdk1.8.0_171
USERNAME=breezil
OS=Windows_NT
PROCESSOR_IDENTIFIER=Intel64 Family 6 Model 69 Stepping 1, GenuineIntel



---------------  S Y S T E M  ---------------

OS: Windows 10.0 , 64 bit Build 17134 (10.0.17134.556)

CPU:total 4 (initial active 4) (2 cores per cpu, 2 threads per core) family 6 model 69 stepping 1, cmov, cx8, fxsr, mmx, sse, sse2, sse3, ssse3, sse4.1, sse4.2, popcnt, avx, avx2, aes, clmul, erms, lzcnt, ht, tsc, tscinvbit, bmi1, bmi2

Memory: 4k page, physical 8291876k(820460k free), swap 16418340k(2103492k free)

vm_info: OpenJDK 64-Bit Server VM (25.152-b01) for windows-amd64 JRE (1.8.0_152-release-1248-b01), built by "builder" with MS VC++ 10.0 (VS2010)

time: Tue Feb 26 12:18:57 2019
elapsed time: 11645 seconds (0d 3h 14m 5s)

