#
# A fatal error has been detected by the Java Runtime Environment:
#
#  Internal Error (ad_x86_64.cpp:1001), pid=26448, tid=0x000000000000144c
#  Error: Unimplemented()
#
# JRE version: OpenJDK Runtime Environment (8.0_152-b06) (build 1.8.0_152-release-1136-b06)
# Java VM: OpenJDK 64-Bit Server VM (25.152-b06 mixed mode windows-amd64 compressed oops)
# Failed to write core dump. Minidumps are not enabled by default on client versions of Windows
#
# If you would like to submit a bug report, please visit:
#   http://bugreport.java.com/bugreport/crash.jsp
#

---------------  T H R E A D  ---------------

Current thread (0x0000000016411800):  JavaThread "C2 CompilerThread0" daemon [_thread_in_native, id=5196, stack(0x0000000017b50000,0x0000000017c50000)]

Stack: [0x0000000017b50000,0x0000000017c50000]
[error occurred during error reporting (printing stack bounds), id 0xc0000005]

Native frames: (J=compiled Java code, j=interpreted, Vv=VM code, C=native code)


Current CompileTask:
C2:   9991 1389   !   4       java.net.URLClassLoader$1::run (63 bytes)


---------------  P R O C E S S  ---------------

Java Threads: ( => current thread )
  0x000000001b558000 JavaThread "Cache worker for file hash cache (C:\Users\breezil\Desktop\pro\New folder\New folder (2)\Pixxo\.gradle\4.6\fileHashes)" [_thread_blocked, id=25384, stack(0x000000001d190000,0x000000001d290000)]
  0x000000001b660800 JavaThread "File lock request listener" [_thread_in_native, id=16032, stack(0x000000001bf70000,0x000000001c070000)]
  0x0000000019507000 JavaThread "Cache worker for file hash cache (C:\Users\breezil\.gradle\caches\4.6\fileHashes)" [_thread_blocked, id=23600, stack(0x000000001be70000,0x000000001bf70000)]
  0x000000001953a800 JavaThread "Stdin handler" [_thread_blocked, id=21808, stack(0x000000001aba0000,0x000000001aca0000)]
  0x0000000018951800 JavaThread "Asynchronous log dispatcher for DefaultDaemonConnection: socket connection from /127.0.0.1:61110 to /127.0.0.1:61111" [_thread_blocked, id=17088, stack(0x000000001aaa0000,0x000000001aba0000)]
  0x000000001894f000 JavaThread "Daemon worker" [_thread_in_native, id=3688, stack(0x000000001a9a0000,0x000000001aaa0000)]
  0x0000000018033800 JavaThread "Cancel handler" [_thread_blocked, id=24036, stack(0x000000001a8a0000,0x000000001a9a0000)]
  0x00000000193e0800 JavaThread "Handler for socket connection from /127.0.0.1:61110 to /127.0.0.1:61111" [_thread_in_native, id=18336, stack(0x000000001a5a0000,0x000000001a6a0000)]
  0x00000000193e0000 JavaThread "Daemon" [_thread_blocked, id=24156, stack(0x000000001a4a0000,0x000000001a5a0000)]
  0x00000000186f3800 JavaThread "Daemon periodic checks" [_thread_blocked, id=14256, stack(0x000000001a3a0000,0x000000001a4a0000)]
  0x000000001801c800 JavaThread "Incoming local TCP Connector on port 61110" [_thread_in_native, id=24876, stack(0x000000001a160000,0x000000001a260000)]
  0x0000000017e81000 JavaThread "Service Thread" daemon [_thread_blocked, id=21868, stack(0x0000000018250000,0x0000000018350000)]
  0x0000000016418800 JavaThread "C1 CompilerThread2" daemon [_thread_blocked, id=15980, stack(0x0000000017d50000,0x0000000017e50000)]
  0x0000000016414800 JavaThread "C2 CompilerThread1" daemon [_thread_in_native, id=26320, stack(0x0000000017c50000,0x0000000017d50000)]
=>0x0000000016411800 JavaThread "C2 CompilerThread0" daemon [_thread_in_native, id=5196, stack(0x0000000017b50000,0x0000000017c50000)]
  0x000000001640f800 JavaThread "Attach Listener" daemon [_thread_blocked, id=24312, stack(0x0000000017a50000,0x0000000017b50000)]
  0x000000001640c800 JavaThread "Signal Dispatcher" daemon [_thread_blocked, id=11616, stack(0x0000000017950000,0x0000000017a50000)]
  0x00000000163f8800 JavaThread "Finalizer" daemon [_thread_blocked, id=10272, stack(0x0000000017660000,0x0000000017760000)]
  0x0000000002a93000 JavaThread "Reference Handler" daemon [_thread_blocked, id=12036, stack(0x0000000017560000,0x0000000017660000)]
  0x000000000284e800 JavaThread "main" [_thread_blocked, id=26456, stack(0x00000000028a0000,0x00000000029a0000)]

Other Threads:
  0x00000000163d6800 VMThread [stack: 0x0000000017460000,0x0000000017560000] [id=16416]
  0x0000000017e82000 WatcherThread [stack: 0x0000000018350000,0x0000000018450000] [id=22300]

VM state:not at safepoint (normal execution)

VM Mutex/Monitor currently owned by a thread: None

Heap:
 PSYoungGen      total 38400K, used 35050K [0x00000000e0000000, 0x00000000e4680000, 0x0000000100000000)
  eden space 33280K, 89% used [0x00000000e0000000,0x00000000e1d3f928,0x00000000e2080000)
  from space 5120K, 99% used [0x00000000e2080000,0x00000000e257b088,0x00000000e2580000)
  to   space 5120K, 0% used [0x00000000e4180000,0x00000000e4180000,0x00000000e4680000)
 ParOldGen       total 87552K, used 2096K [0x00000000a0000000, 0x00000000a5580000, 0x00000000e0000000)
  object space 87552K, 2% used [0x00000000a0000000,0x00000000a020c1f8,0x00000000a5580000)
 Metaspace       used 16894K, capacity 17194K, committed 17536K, reserved 1064960K
  class space    used 2431K, capacity 2569K, committed 2688K, reserved 1048576K

Card table byte_map: [0x0000000011e60000,0x0000000012170000] byte_map_base: 0x0000000011960000

Marking Bits: (ParMarkBitMap*) 0x0000000070ec5aa0
 Begin Bits: [0x0000000012770000, 0x0000000013f70000)
 End Bits:   [0x0000000013f70000, 0x0000000015770000)

Polling page: 0x0000000000ab0000

CodeCache: size=245760Kb used=5400Kb max_used=5400Kb free=240359Kb
 bounds [0x0000000002aa0000, 0x0000000003000000, 0x0000000011aa0000]
 total_blobs=1900 nmethods=1522 adapters=288
 compilation: enabled

Compilation events (10 events):
Event: 9.818 Thread 0x0000000016418800 1553       3       java.lang.Class::privateGetDeclaredConstructors (85 bytes)
Event: 9.819 Thread 0x0000000016418800 nmethod 1553 0x0000000002fe5490 code [0x0000000002fe5660, 0x0000000002fe5d58]
Event: 9.819 Thread 0x0000000016418800 1551       1       java.io.ObjectStreamClass$WeakClassKey::hashCode (5 bytes)
Event: 9.819 Thread 0x0000000016418800 nmethod 1551 0x0000000002fe6010 code [0x0000000002fe6160, 0x0000000002fe6270]
Event: 9.838 Thread 0x0000000016418800 1554       3       java.lang.Enum::<init> (15 bytes)
Event: 9.838 Thread 0x0000000016418800 nmethod 1554 0x0000000002fe67d0 code [0x0000000002fe6920, 0x0000000002fe6af0]
Event: 9.842 Thread 0x0000000016418800 1555       3       sun.reflect.NativeMethodAccessorImpl::invoke (104 bytes)
Event: 9.846 Thread 0x0000000016418800 nmethod 1555 0x0000000002baee50 code [0x0000000002baf0c0, 0x0000000002bb0558]
Event: 9.985 Thread 0x0000000016418800 1557       1       java.nio.Buffer::capacity (5 bytes)
Event: 9.985 Thread 0x0000000016418800 nmethod 1557 0x0000000002bb7790 code [0x0000000002bb78e0, 0x0000000002bb79f0]

GC Heap History (6 events):
Event: 2.392 GC heap before
{Heap before GC invocations=1 (full 0):
 PSYoungGen      total 38400K, used 33280K [0x00000000e0000000, 0x00000000e2a80000, 0x0000000100000000)
  eden space 33280K, 100% used [0x00000000e0000000,0x00000000e2080000,0x00000000e2080000)
  from space 5120K, 0% used [0x00000000e2580000,0x00000000e2580000,0x00000000e2a80000)
  to   space 5120K, 0% used [0x00000000e2080000,0x00000000e2080000,0x00000000e2580000)
 ParOldGen       total 87552K, used 0K [0x00000000a0000000, 0x00000000a5580000, 0x00000000e0000000)
  object space 87552K, 0% used [0x00000000a0000000,0x00000000a0000000,0x00000000a5580000)
 Metaspace       used 6645K, capacity 6766K, committed 7040K, reserved 1056768K
  class space    used 807K, capacity 875K, committed 896K, reserved 1048576K
Event: 2.424 GC heap after
Heap after GC invocations=1 (full 0):
 PSYoungGen      total 38400K, used 4128K [0x00000000e0000000, 0x00000000e4b00000, 0x0000000100000000)
  eden space 33280K, 0% used [0x00000000e0000000,0x00000000e0000000,0x00000000e2080000)
  from space 5120K, 80% used [0x00000000e2080000,0x00000000e24881a8,0x00000000e2580000)
  to   space 5120K, 0% used [0x00000000e4600000,0x00000000e4600000,0x00000000e4b00000)
 ParOldGen       total 87552K, used 8K [0x00000000a0000000, 0x00000000a5580000, 0x00000000e0000000)
  object space 87552K, 0% used [0x00000000a0000000,0x00000000a0002000,0x00000000a5580000)
 Metaspace       used 6645K, capacity 6766K, committed 7040K, reserved 1056768K
  class space    used 807K, capacity 875K, committed 896K, reserved 1048576K
}
Event: 7.648 GC heap before
{Heap before GC invocations=2 (full 0):
 PSYoungGen      total 38400K, used 37408K [0x00000000e0000000, 0x00000000e4b00000, 0x0000000100000000)
  eden space 33280K, 100% used [0x00000000e0000000,0x00000000e2080000,0x00000000e2080000)
  from space 5120K, 80% used [0x00000000e2080000,0x00000000e24881a8,0x00000000e2580000)
  to   space 5120K, 0% used [0x00000000e4600000,0x00000000e4600000,0x00000000e4b00000)
 ParOldGen       total 87552K, used 8K [0x00000000a0000000, 0x00000000a5580000, 0x00000000e0000000)
  object space 87552K, 0% used [0x00000000a0000000,0x00000000a0002000,0x00000000a5580000)
 Metaspace       used 10822K, capacity 11016K, committed 11264K, reserved 1058816K
  class space    used 1411K, capacity 1518K, committed 1536K, reserved 1048576K
Event: 7.656 GC heap after
Heap after GC invocations=2 (full 0):
 PSYoungGen      total 38400K, used 5119K [0x00000000e0000000, 0x00000000e4b00000, 0x0000000100000000)
  eden space 33280K, 0% used [0x00000000e0000000,0x00000000e0000000,0x00000000e2080000)
  from space 5120K, 99% used [0x00000000e4600000,0x00000000e4afffb8,0x00000000e4b00000)
  to   space 5120K, 0% used [0x00000000e2080000,0x00000000e2080000,0x00000000e2580000)
 ParOldGen       total 87552K, used 218K [0x00000000a0000000, 0x00000000a5580000, 0x00000000e0000000)
  object space 87552K, 0% used [0x00000000a0000000,0x00000000a0036808,0x00000000a5580000)
 Metaspace       used 10822K, capacity 11016K, committed 11264K, reserved 1058816K
  class space    used 1411K, capacity 1518K, committed 1536K, reserved 1048576K
}
Event: 8.893 GC heap before
{Heap before GC invocations=3 (full 0):
 PSYoungGen      total 38400K, used 38399K [0x00000000e0000000, 0x00000000e4b00000, 0x0000000100000000)
  eden space 33280K, 100% used [0x00000000e0000000,0x00000000e2080000,0x00000000e2080000)
  from space 5120K, 99% used [0x00000000e4600000,0x00000000e4afffb8,0x00000000e4b00000)
  to   space 5120K, 0% used [0x00000000e2080000,0x00000000e2080000,0x00000000e2580000)
 ParOldGen       total 87552K, used 218K [0x00000000a0000000, 0x00000000a5580000, 0x00000000e0000000)
  object space 87552K, 0% used [0x00000000a0000000,0x00000000a0036808,0x00000000a5580000)
 Metaspace       used 14092K, capacity 14386K, committed 14720K, reserved 1062912K
  class space    used 1963K, capacity 2085K, committed 2176K, reserved 1048576K
Event: 8.906 GC heap after
Heap after GC invocations=3 (full 0):
 PSYoungGen      total 38400K, used 5100K [0x00000000e0000000, 0x00000000e4680000, 0x0000000100000000)
  eden space 33280K, 0% used [0x00000000e0000000,0x00000000e0000000,0x00000000e2080000)
  from space 5120K, 99% used [0x00000000e2080000,0x00000000e257b088,0x00000000e2580000)
  to   space 5120K, 0% used [0x00000000e4180000,0x00000000e4180000,0x00000000e4680000)
 ParOldGen       total 87552K, used 2096K [0x00000000a0000000, 0x00000000a5580000, 0x00000000e0000000)
  object space 87552K, 2% used [0x00000000a0000000,0x00000000a020c1f8,0x00000000a5580000)
 Metaspace       used 14092K, capacity 14386K, committed 14720K, reserved 1062912K
  class space    used 1963K, capacity 2085K, committed 2176K, reserved 1048576K
}

Deoptimization events (10 events):
Event: 8.248 Thread 0x000000001894f000 Uncommon trap: reason=bimorphic action=maybe_recompile pc=0x0000000002dc965c method=java.util.HashMap.putVal(ILjava/lang/Object;Ljava/lang/Object;ZZ)Ljava/lang/Object; @ 253
Event: 8.249 Thread 0x000000001894f000 Uncommon trap: reason=bimorphic action=maybe_recompile pc=0x0000000002dc965c method=java.util.HashMap.putVal(ILjava/lang/Object;Ljava/lang/Object;ZZ)Ljava/lang/Object; @ 253
Event: 8.249 Thread 0x000000001894f000 Uncommon trap: reason=bimorphic action=maybe_recompile pc=0x0000000002dc965c method=java.util.HashMap.putVal(ILjava/lang/Object;Ljava/lang/Object;ZZ)Ljava/lang/Object; @ 253
Event: 8.753 Thread 0x000000001894f000 Uncommon trap: reason=class_check action=maybe_recompile pc=0x0000000002d43904 method=java.util.regex.Matcher.match(II)Z @ 86
Event: 8.754 Thread 0x000000001894f000 Uncommon trap: reason=class_check action=maybe_recompile pc=0x0000000002d43904 method=java.util.regex.Matcher.match(II)Z @ 86
Event: 8.837 Thread 0x000000001894f000 Uncommon trap: reason=class_check action=maybe_recompile pc=0x0000000002d09c9c method=java.util.regex.Matcher.match(II)Z @ 86
Event: 8.989 Thread 0x000000001894f000 Uncommon trap: reason=unstable_if action=reinterpret pc=0x0000000002f58cf4 method=java.lang.String.lastIndexOf([CII[CIII)I @ 66
Event: 9.103 Thread 0x000000001894f000 Uncommon trap: reason=unstable_if action=reinterpret pc=0x0000000002bf9bc8 method=java.net.URI.match(CJJ)Z @ 19
Event: 9.104 Thread 0x000000001894f000 Uncommon trap: reason=unstable_if action=reinterpret pc=0x0000000002cd6e80 method=java.net.URI.match(CJJ)Z @ 19
Event: 9.786 Thread 0x000000001894f000 Uncommon trap: reason=unstable_if action=reinterpret pc=0x0000000002d3b300 method=java.io.File.getName()Ljava/lang/String; @ 16

Classes redefined (0 events):
No events

Internal exceptions (10 events):
Event: 8.076 Thread 0x00000000193e0800 Exception <a 'java/lang/NoSuchMethodError': <clinit>> (0x00000000e0478708) thrown at [D:\src\AOSP-openjdk-cygwin\jdk8u\hotspot\src\share\vm\prims\jni.cpp, line 1613]
Event: 8.077 Thread 0x00000000193e0800 Exception <a 'java/lang/NoSuchMethodError': <clinit>> (0x00000000e0484290) thrown at [D:\src\AOSP-openjdk-cygwin\jdk8u\hotspot\src\share\vm\prims\jni.cpp, line 1613]
Event: 8.095 Thread 0x00000000193e0800 Exception <a 'java/lang/NoSuchMethodError': <clinit>> (0x00000000e048fb60) thrown at [D:\src\AOSP-openjdk-cygwin\jdk8u\hotspot\src\share\vm\prims\jni.cpp, line 1613]
Event: 8.099 Thread 0x00000000193e0800 Exception <a 'java/lang/NoSuchMethodError': <clinit>> (0x00000000e04b80b8) thrown at [D:\src\AOSP-openjdk-cygwin\jdk8u\hotspot\src\share\vm\prims\jni.cpp, line 1613]
Event: 8.128 Thread 0x000000001894f000 Exception <a 'java/lang/NoSuchMethodError': <clinit>> (0x00000000e05d04a0) thrown at [D:\src\AOSP-openjdk-cygwin\jdk8u\hotspot\src\share\vm\prims\jni.cpp, line 1613]
Event: 8.130 Thread 0x000000001894f000 Exception <a 'java/lang/NoSuchMethodError': <clinit>> (0x00000000e05d8878) thrown at [D:\src\AOSP-openjdk-cygwin\jdk8u\hotspot\src\share\vm\prims\jni.cpp, line 1613]
Event: 9.816 Thread 0x000000001894f000 Exception <a 'java/lang/NoSuchMethodError': <clinit>> (0x00000000e1b5d0b8) thrown at [D:\src\AOSP-openjdk-cygwin\jdk8u\hotspot\src\share\vm\prims\jni.cpp, line 1613]
Event: 9.816 Thread 0x000000001894f000 Exception <a 'java/lang/NoSuchMethodError': <clinit>> (0x00000000e1b5fa58) thrown at [D:\src\AOSP-openjdk-cygwin\jdk8u\hotspot\src\share\vm\prims\jni.cpp, line 1613]
Event: 9.817 Thread 0x000000001894f000 Exception <a 'java/lang/NoSuchMethodError': <clinit>> (0x00000000e1b6d048) thrown at [D:\src\AOSP-openjdk-cygwin\jdk8u\hotspot\src\share\vm\prims\jni.cpp, line 1613]
Event: 9.818 Thread 0x000000001894f000 Exception <a 'java/lang/NoSuchMethodError': <clinit>> (0x00000000e1b787c8) thrown at [D:\src\AOSP-openjdk-cygwin\jdk8u\hotspot\src\share\vm\prims\jni.cpp, line 1613]

Events (10 events):
Event: 9.845 loading class org/gradle/initialization/DirectoryInitScriptFinder
Event: 9.845 loading class org/gradle/initialization/DirectoryInitScriptFinder done
Event: 9.845 loading class org/gradle/initialization/DistributionInitScriptFinder
Event: 9.845 loading class org/gradle/initialization/DistributionInitScriptFinder done
Event: 9.846 Thread 0x0000000016418800 flushing nmethod 0x0000000002bd8450
Event: 9.846 Thread 0x0000000016418800 flushing nmethod 0x0000000002bf4110
Event: 9.846 Executing VM operation: RevokeBias
Event: 9.846 Executing VM operation: RevokeBias done
Event: 9.846 Executing VM operation: RevokeBias
Event: 9.984 Executing VM operation: RevokeBias done


Dynamic libraries:
0x00007ff654900000 - 0x00007ff654931000 	C:\Program Files\Android\Android Studio\jre\bin\java.exe
0x00007ffbc0930000 - 0x00007ffbc0b11000 	C:\WINDOWS\SYSTEM32\ntdll.dll
0x00007ffbbe180000 - 0x00007ffbbe232000 	C:\WINDOWS\System32\KERNEL32.DLL
0x00007ffbbcf70000 - 0x00007ffbbd1e3000 	C:\WINDOWS\System32\KERNELBASE.dll
0x00007ffbbe7d0000 - 0x00007ffbbe871000 	C:\WINDOWS\System32\ADVAPI32.dll
0x00007ffbbddd0000 - 0x00007ffbbde6e000 	C:\WINDOWS\System32\msvcrt.dll
0x00007ffbbee30000 - 0x00007ffbbee8b000 	C:\WINDOWS\System32\sechost.dll
0x00007ffbbee90000 - 0x00007ffbbefb4000 	C:\WINDOWS\System32\RPCRT4.dll
0x00007ffbc06d0000 - 0x00007ffbc0860000 	C:\WINDOWS\System32\USER32.dll
0x00007ffbbd440000 - 0x00007ffbbd460000 	C:\WINDOWS\System32\win32u.dll
0x00007ffbbe150000 - 0x00007ffbbe178000 	C:\WINDOWS\System32\GDI32.dll
0x00007ffbbcd50000 - 0x00007ffbbcee2000 	C:\WINDOWS\System32\gdi32full.dll
0x00007ffbbdc20000 - 0x00007ffbbdcbf000 	C:\WINDOWS\System32\msvcp_win.dll
0x00007ffbbdcc0000 - 0x00007ffbbddba000 	C:\WINDOWS\System32\ucrtbase.dll
0x00007ffbb0e70000 - 0x00007ffbb10d9000 	C:\WINDOWS\WinSxS\amd64_microsoft.windows.common-controls_6595b64144ccf1df_6.0.17134.472_none_fb3f9af53068156d\COMCTL32.dll
0x00007ffbbe260000 - 0x00007ffbbe582000 	C:\WINDOWS\System32\combase.dll
0x00007ffbbcef0000 - 0x00007ffbbcf6a000 	C:\WINDOWS\System32\bcryptPrimitives.dll
0x00007ffbbe880000 - 0x00007ffbbe8ad000 	C:\WINDOWS\System32\IMM32.DLL
0x0000000071b50000 - 0x0000000071c22000 	C:\Program Files\Android\Android Studio\jre\jre\bin\msvcr100.dll
0x0000000070700000 - 0x0000000070f41000 	C:\Program Files\Android\Android Studio\jre\jre\bin\server\jvm.dll
0x00007ffbbe140000 - 0x00007ffbbe148000 	C:\WINDOWS\System32\PSAPI.DLL
0x00007ffbadee0000 - 0x00007ffbadee9000 	C:\WINDOWS\SYSTEM32\WSOCK32.dll
0x00007ffbbf220000 - 0x00007ffbbf28c000 	C:\WINDOWS\System32\WS2_32.dll
0x00007ffbb8140000 - 0x00007ffbb8163000 	C:\WINDOWS\SYSTEM32\WINMM.dll
0x00007ffbb0620000 - 0x00007ffbb062a000 	C:\WINDOWS\SYSTEM32\VERSION.dll
0x00007ffbb8110000 - 0x00007ffbb813a000 	C:\WINDOWS\SYSTEM32\WINMMBASE.dll
0x00007ffbbcd00000 - 0x00007ffbbcd49000 	C:\WINDOWS\System32\cfgmgr32.dll
0x00007ffbb59f0000 - 0x00007ffbb59ff000 	C:\Program Files\Android\Android Studio\jre\jre\bin\verify.dll
0x00007ffba7290000 - 0x00007ffba72b9000 	C:\Program Files\Android\Android Studio\jre\jre\bin\java.dll
0x00007ffbae010000 - 0x00007ffbae026000 	C:\Program Files\Android\Android Studio\jre\jre\bin\zip.dll
0x00007ffbbf290000 - 0x00007ffbc06d0000 	C:\WINDOWS\System32\SHELL32.dll
0x00007ffbbf170000 - 0x00007ffbbf219000 	C:\WINDOWS\System32\shcore.dll
0x00007ffbbd510000 - 0x00007ffbbdc1d000 	C:\WINDOWS\System32\windows.storage.dll
0x00007ffbbed00000 - 0x00007ffbbed51000 	C:\WINDOWS\System32\shlwapi.dll
0x00007ffbbcce0000 - 0x00007ffbbccf1000 	C:\WINDOWS\System32\kernel.appcore.dll
0x00007ffbbccc0000 - 0x00007ffbbccdf000 	C:\WINDOWS\System32\profapi.dll
0x00007ffbbcc70000 - 0x00007ffbbccbc000 	C:\WINDOWS\System32\powrprof.dll
0x00007ffbbcc40000 - 0x00007ffbbcc4a000 	C:\WINDOWS\System32\FLTLIB.DLL
0x00007ffba5850000 - 0x00007ffba586a000 	C:\Program Files\Android\Android Studio\jre\jre\bin\net.dll
0x00007ffbbc4c0000 - 0x00007ffbbc526000 	C:\WINDOWS\system32\mswsock.dll
0x00007ffba1ca0000 - 0x00007ffba1cb1000 	C:\Program Files\Android\Android Studio\jre\jre\bin\nio.dll
0x00007ffbac6b0000 - 0x00007ffbac6ce000 	C:\Users\breezil\.gradle\native\25\windows-amd64\native-platform.dll
0x00007ffba7280000 - 0x00007ffba728d000 	C:\Program Files\Android\Android Studio\jre\jre\bin\management.dll
0x00007ffbbc670000 - 0x00007ffbbc687000 	C:\WINDOWS\SYSTEM32\CRYPTSP.dll
0x00007ffbbc0a0000 - 0x00007ffbbc0d3000 	C:\WINDOWS\system32\rsaenh.dll
0x00007ffbbc7a0000 - 0x00007ffbbc7c5000 	C:\WINDOWS\SYSTEM32\bcrypt.dll
0x00007ffbbcb70000 - 0x00007ffbbcb98000 	C:\WINDOWS\SYSTEM32\USERENV.dll
0x00007ffbbc690000 - 0x00007ffbbc69b000 	C:\WINDOWS\SYSTEM32\CRYPTBASE.dll
0x00007ffbbc240000 - 0x00007ffbbc278000 	C:\WINDOWS\SYSTEM32\IPHLPAPI.DLL
0x00007ffbbddc0000 - 0x00007ffbbddc8000 	C:\WINDOWS\System32\NSI.dll
0x00007ffbb2750000 - 0x00007ffbb2766000 	C:\WINDOWS\SYSTEM32\dhcpcsvc6.DLL
0x00007ffbb2730000 - 0x00007ffbb274a000 	C:\WINDOWS\SYSTEM32\dhcpcsvc.DLL

VM Arguments:
jvm_args: -Xmx1536m -Dfile.encoding=windows-1252 -Duser.country=US -Duser.language=en -Duser.variant 
java_command: org.gradle.launcher.daemon.bootstrap.GradleDaemon 4.6
java_class_path (initial): C:\Users\breezil\.gradle\wrapper\dists\gradle-4.6-all\bcst21l2brirad8k2ben1letg\gradle-4.6\lib\gradle-launcher-4.6.jar
Launcher Type: SUN_STANDARD

Environment Variables:
JAVA_HOME=C:\Program Files\Java\jdk1.8.0_171
USERNAME=breezil
OS=Windows_NT
PROCESSOR_IDENTIFIER=Intel64 Family 6 Model 69 Stepping 1, GenuineIntel



---------------  S Y S T E M  ---------------

OS: Windows 10.0 , 64 bit Build 17134 (10.0.17134.1)

CPU:total 4 (initial active 4) (2 cores per cpu, 2 threads per core) family 6 model 69 stepping 1, cmov, cx8, fxsr, mmx, sse, sse2, sse3, ssse3, sse4.1, sse4.2, popcnt, avx, avx2, aes, clmul, erms, lzcnt, ht, tsc, tscinvbit, bmi1, bmi2

Memory: 4k page, physical 8291876k(1890380k free), swap 18777636k(4643704k free)

vm_info: OpenJDK 64-Bit Server VM (25.152-b06) for windows-amd64 JRE (1.8.0_152-release-1136-b06), built by "builder" with MS VC++ 10.0 (VS2010)

time: Mon Jan 07 09:20:12 2019
elapsed time: 10 seconds (0d 0h 0m 10s)

