#
# A fatal error has been detected by the Java Runtime Environment:
#
#  EXCEPTION_ACCESS_VIOLATION (0xc0000005) at pc=0x000000005a70ca46, pid=1312, tid=0x0000000000001630
#
# JRE version: OpenJDK Runtime Environment (8.0_152-b01) (build 1.8.0_152-release-1248-b01)
# Java VM: OpenJDK 64-Bit Server VM (25.152-b01 mixed mode windows-amd64 compressed oops)
# Problematic frame:
# V  [jvm.dll+0x3cca46]
#
# Failed to write core dump. Minidumps are not enabled by default on client versions of Windows
#
# If you would like to submit a bug report, please visit:
#   http://bugreport.java.com/bugreport/crash.jsp
#

---------------  T H R E A D  ---------------

Current thread (0x000000000269b800):  GCTaskThread [stack: 0x0000000012250000,0x0000000012350000] [id=5680]

siginfo: ExceptionCode=0xc0000005, reading address 0xffffffffffffffff

Registers:
RAX=0x0061006c0063005c, RBX=0x00000000ea0b44d8, RCX=0x000000000073006c, RDX=0x0000000000730065
RSP=0x000000001234f7a0, RBP=0x00000000000e600d, RSI=0x000000000276c900, RDI=0x00000000a2a6ae00
R8 =0x0000000081000000, R9 =0x1fffffffffffffff, R10=0x0000000000000008, R11=0x00000000f7030020
R12=0x0000000011b55356, R13=0x0061006c0063005c, R14=0x0000000000000000, R15=0x000000000268e930
RIP=0x000000005a70ca46, EFLAGS=0x0000000000010206

Top of Stack: (sp=0x000000001234f7a0)
0x000000001234f7a0:   00000000ee0b44b8 0000000000000004
0x000000001234f7b0:   000000000276c900 00000000f5e3a118
0x000000001234f7c0:   00000000f7028030 000000005a70d17b
0x000000001234f7d0:   000000000276c900 000000005a42d903
0x000000001234f7e0:   0000000000000000 000000000276c900
0x000000001234f7f0:   0000000011b55356 000000005a70cda0
0x000000001234f800:   00000000f7029558 0000000011b55381
0x000000001234f810:   000000000276c900 00000000a2a6ae00
0x000000001234f820:   00000000f7029558 000000005a70d945
0x000000001234f830:   00000000ee068020 0000000011b55381
0x000000001234f840:   000000000276c900 0000000000000003
0x000000001234f850:   000000000276c900 0000000002693400
0x000000001234f860:   00000000a1e67e0c 000000005a42f747
0x000000001234f870:   000000000276c900 000000005a42d903
0x000000001234f880:   00000000a2725db1 00000000a2725db1
0x000000001234f890:   00000000a2a6ac70 000000005a42f747 

Instructions: (pc=0x000000005a70ca46)
0x000000005a70ca26:   48 8b 52 08 48 8b cb e8 0e df cb ff 48 63 e8 41
0x000000005a70ca36:   0f b6 c5 f6 d0 a8 01 49 8b c5 74 06 48 83 e0 fd
0x000000005a70ca46:   8b 00 48 c1 e8 03 83 e0 0f 3b 05 53 91 3f 00 0f
0x000000005a70ca56:   83 11 01 00 00 48 8b d5 48 8b ce e8 3a fa ff ff 


Register to memory mapping:

RAX=0x0061006c0063005c is an unknown value
RBX=0x00000000ea0b44d8 is an oop

[error occurred during error reporting (printing register info), id 0xc0000005]

Stack: [0x0000000012250000,0x0000000012350000],  sp=0x000000001234f7a0,  free space=1021k
Native frames: (J=compiled Java code, j=interpreted, Vv=VM code, C=native code)
V  [jvm.dll+0x3cca46]
V  [jvm.dll+0x3ccda0]
V  [jvm.dll+0x3cd945]
V  [jvm.dll+0x3bd47f]
V  [jvm.dll+0x3cf932]
V  [jvm.dll+0x3bec9e]
V  [jvm.dll+0x26d9aa]
C  [msvcr100.dll+0x21d9f]
C  [msvcr100.dll+0x21e3b]
C  [KERNEL32.DLL+0x13dc4]
C  [ntdll.dll+0x73691]


---------------  P R O C E S S  ---------------

Java Threads: ( => current thread )
  0x000000001d44b800 JavaThread "Task worker for ':' Thread 3" [_thread_blocked, id=3544, stack(0x0000000029d00000,0x0000000029e00000)]
  0x000000001d44d000 JavaThread "Task worker for ':' Thread 2" [_thread_blocked, id=2148, stack(0x0000000029c00000,0x0000000029d00000)]
  0x000000001d450000 JavaThread "Task worker for ':'" [_thread_blocked, id=14976, stack(0x0000000029b00000,0x0000000029c00000)]
  0x000000001d444800 JavaThread "Cache worker for Build Output Cleanup Cache (C:\Users\breezil\Desktop\pro\New folder\New folder (4)\Pixxo\.gradle\buildOutputCleanup)" [_thread_blocked, id=5192, stack(0x0000000029a00000,0x0000000029b00000)]
  0x000000001d447000 JavaThread "Cache worker for task history cache (C:\Users\breezil\Desktop\pro\New folder\New folder (4)\Pixxo\.gradle\4.6\taskHistory)" [_thread_blocked, id=14808, stack(0x0000000029900000,0x0000000029a00000)]
  0x000000001d443000 JavaThread "Cache worker for file content cache (C:\Users\breezil\Desktop\pro\New folder\New folder (4)\Pixxo\.gradle\4.6\fileContent)" [_thread_blocked, id=14664, stack(0x0000000029800000,0x0000000029900000)]
  0x000000001b6ea800 JavaThread "Build operations Thread 4" [_thread_blocked, id=4716, stack(0x0000000029700000,0x0000000029800000)]
  0x000000001b6ea000 JavaThread "Build operations Thread 3" [_thread_blocked, id=2776, stack(0x0000000029600000,0x0000000029700000)]
  0x000000001b6e9000 JavaThread "Build operations Thread 2" [_thread_blocked, id=6216, stack(0x0000000029500000,0x0000000029600000)]
  0x000000001b6e8800 JavaThread "Build operations" [_thread_blocked, id=11160, stack(0x0000000029400000,0x0000000029500000)]
  0x000000001b6e7800 JavaThread "Cache worker for Artifact transforms cache (C:\Users\breezil\.gradle\caches\transforms-1)" [_thread_blocked, id=5692, stack(0x0000000029300000,0x0000000029400000)]
  0x000000001b6e6000 JavaThread "Cache worker for file hash cache (C:\Users\breezil\Desktop\pro\New folder\New folder (4)\Pixxo\.gradle\4.6\fileHashes)" [_thread_blocked, id=4688, stack(0x0000000029200000,0x0000000029300000)]
  0x000000001b6ec000 JavaThread "Stdin handler" [_thread_blocked, id=1692, stack(0x0000000029100000,0x0000000029200000)]
  0x000000001b6de000 JavaThread "Asynchronous log dispatcher for DefaultDaemonConnection: socket connection from /127.0.0.1:52453 to /127.0.0.1:52969" [_thread_blocked, id=9620, stack(0x0000000029000000,0x0000000029100000)]
  0x000000001b6dd000 JavaThread "Daemon worker Thread 3" [_thread_blocked, id=1420, stack(0x0000000028f00000,0x0000000029000000)]
  0x000000001b6e4000 JavaThread "Cancel handler" [_thread_blocked, id=12360, stack(0x0000000028e00000,0x0000000028f00000)]
  0x000000001b6e3000 JavaThread "Handler for socket connection from /127.0.0.1:52453 to /127.0.0.1:52969" [_thread_in_native, id=11092, stack(0x0000000028d00000,0x0000000028e00000)]
  0x000000001b6e1000 JavaThread "Daemon Thread 3" [_thread_blocked, id=12496, stack(0x0000000028c00000,0x0000000028d00000)]
  0x000000001d449000 JavaThread "Memory manager" [_thread_blocked, id=4904, stack(0x00000000207b0000,0x00000000208b0000)]
  0x000000001d445800 JavaThread "pool-1-thread-1" [_thread_blocked, id=7944, stack(0x00000000204b0000,0x00000000205b0000)]
  0x0000000019082000 JavaThread "File lock request listener" [_thread_in_native, id=9268, stack(0x000000001ab80000,0x000000001ac80000)]
  0x000000001911e800 JavaThread "Cache worker for file hash cache (C:\Users\breezil\.gradle\caches\4.6\fileHashes)" [_thread_blocked, id=12772, stack(0x000000001aa80000,0x000000001ab80000)]
  0x0000000018aca000 JavaThread "Daemon periodic checks" [_thread_blocked, id=13780, stack(0x0000000019f80000,0x000000001a080000)]
  0x0000000018d5e000 JavaThread "Incoming local TCP Connector on port 52453" [_thread_in_native, id=7400, stack(0x0000000019d40000,0x0000000019e40000)]
  0x0000000017a6a800 JavaThread "Service Thread" daemon [_thread_blocked, id=14572, stack(0x0000000017e30000,0x0000000017f30000)]
  0x0000000016101000 JavaThread "C1 CompilerThread2" daemon [_thread_blocked, id=6048, stack(0x0000000017930000,0x0000000017a30000)]
  0x00000000160f4000 JavaThread "C2 CompilerThread1" daemon [_thread_blocked, id=8968, stack(0x0000000017830000,0x0000000017930000)]
  0x00000000160f0800 JavaThread "C2 CompilerThread0" daemon [_thread_blocked, id=7660, stack(0x0000000017730000,0x0000000017830000)]
  0x00000000160ee000 JavaThread "Attach Listener" daemon [_thread_blocked, id=10224, stack(0x0000000017630000,0x0000000017730000)]
  0x00000000160eb000 JavaThread "Signal Dispatcher" daemon [_thread_blocked, id=8524, stack(0x0000000017530000,0x0000000017630000)]
  0x000000000277c800 JavaThread "Finalizer" daemon [_thread_blocked, id=11804, stack(0x0000000017340000,0x0000000017440000)]
  0x0000000002771800 JavaThread "Reference Handler" daemon [_thread_blocked, id=12560, stack(0x0000000017240000,0x0000000017340000)]
  0x000000000267e800 JavaThread "main" [_thread_blocked, id=12440, stack(0x0000000002500000,0x0000000002600000)]

Other Threads:
  0x00000000160b7000 VMThread [stack: 0x0000000017140000,0x0000000017240000] [id=11880]
  0x0000000017a6b800 WatcherThread [stack: 0x0000000017f30000,0x0000000018030000] [id=7424]

=>0x000000000269b800 (exited) GCTaskThread [stack: 0x0000000012250000,0x0000000012350000] [id=5680]

VM state:at safepoint (normal execution)

VM Mutex/Monitor currently owned by a thread:  ([mutex/lock_event])
[0x0000000002680dd0] Threads_lock - owner thread: 0x00000000160b7000
[0x0000000002680c50] Heap_lock - owner thread: 0x000000001d44d000

Heap:
 PSYoungGen      total 375296K, used 375147K [0x00000000e0000000, 0x0000000100000000, 0x0000000100000000)
  eden space 228352K, 100% used [0x00000000e0000000,0x00000000edf00000,0x00000000edf00000)
  from space 146944K, 99% used [0x00000000edf00000,0x00000000f6e5ac28,0x00000000f6e80000)
  to   space 148992K, 99% used [0x00000000f6e80000,0x00000000ffffa0e0,0x0000000100000000)
 ParOldGen       total 488448K, used 343208K [0x00000000a0000000, 0x00000000bdd00000, 0x00000000e0000000)
  object space 488448K, 70% used [0x00000000a0000000,0x00000000b4f2e050,0x00000000bdd00000)
 Metaspace       used 126849K, capacity 132162K, committed 132312K, reserved 1165312K
  class space    used 16283K, capacity 17376K, committed 17408K, reserved 1048576K

Card table byte_map: [0x0000000011b40000,0x0000000011e50000] byte_map_base: 0x0000000011640000

Marking Bits: (ParMarkBitMap*) 0x000000005ab05aa0
 Begin Bits: [0x0000000012450000, 0x0000000013c50000)
 End Bits:   [0x0000000013c50000, 0x0000000015450000)

Polling page: 0x00000000003f0000

CodeCache: size=245760Kb used=64049Kb max_used=64077Kb free=181710Kb
 bounds [0x0000000002780000, 0x0000000006670000, 0x0000000011780000]
 total_blobs=19130 nmethods=18254 adapters=787
 compilation: enabled

Compilation events (10 events):
Event: 1246.179 Thread 0x00000000160f0800 nmethod 22593 0x000000000649bc90 code [0x000000000649bdc0, 0x000000000649be38]
Event: 1246.210 Thread 0x0000000016101000 22594       3       com.sun.tools.javac.comp.Attr::visitTypeApply (444 bytes)
Event: 1246.215 Thread 0x0000000016101000 nmethod 22594 0x000000000664a890 code [0x000000000664ae80, 0x000000000664ef18]
Event: 1246.218 Thread 0x00000000160f0800 22595   !   4       com.sun.tools.javac.jvm.ClassReader::fillIn (505 bytes)
Event: 1246.270 Thread 0x0000000016101000 22598   !   3       sun.reflect.GeneratedSerializationConstructorAccessor121::newInstance (49 bytes)
Event: 1246.271 Thread 0x0000000016101000 nmethod 22598 0x000000000663f210 code [0x000000000663f3c0, 0x000000000663f7e8]
Event: 1246.277 Thread 0x00000000160f4000 nmethod 22588 0x0000000006657490 code [0x0000000006657980, 0x000000000665c190]
Event: 1246.278 Thread 0x00000000160f4000 22597   !   4       java.io.ObjectInputStream::readObject0 (566 bytes)
Event: 1246.325 Thread 0x0000000016101000 22599       3       org.apache.xerces.xni.XMLString::<init> (5 bytes)
Event: 1246.325 Thread 0x0000000016101000 nmethod 22599 0x0000000006631d90 code [0x0000000006631ee0, 0x0000000006632090]

GC Heap History (10 events):
Event: 961.564 GC heap after
Heap after GC invocations=30 (full 5):
 PSYoungGen      total 288256K, used 31475K [0x00000000e0000000, 0x00000000fec80000, 0x0000000100000000)
  eden space 256512K, 0% used [0x00000000e0000000,0x00000000e0000000,0x00000000efa80000)
  from space 31744K, 99% used [0x00000000efa80000,0x00000000f193cfb0,0x00000000f1980000)
  to   space 123904K, 0% used [0x00000000f7380000,0x00000000f7380000,0x00000000fec80000)
 ParOldGen       total 488448K, used 317119K [0x00000000a0000000, 0x00000000bdd00000, 0x00000000e0000000)
  object space 488448K, 64% used [0x00000000a0000000,0x00000000b35afd18,0x00000000bdd00000)
 Metaspace       used 98158K, capacity 101706K, committed 102104K, reserved 1138688K
  class space    used 12614K, capacity 13446K, committed 13568K, reserved 1048576K
}
Event: 1219.493 GC heap before
{Heap before GC invocations=31 (full 5):
 PSYoungGen      total 288256K, used 287987K [0x00000000e0000000, 0x00000000fec80000, 0x0000000100000000)
  eden space 256512K, 100% used [0x00000000e0000000,0x00000000efa80000,0x00000000efa80000)
  from space 31744K, 99% used [0x00000000efa80000,0x00000000f193cfb0,0x00000000f1980000)
  to   space 123904K, 0% used [0x00000000f7380000,0x00000000f7380000,0x00000000fec80000)
 ParOldGen       total 488448K, used 317119K [0x00000000a0000000, 0x00000000bdd00000, 0x00000000e0000000)
  object space 488448K, 64% used [0x00000000a0000000,0x00000000b35afd18,0x00000000bdd00000)
 Metaspace       used 108376K, capacity 112786K, committed 112984K, reserved 1146880K
  class space    used 13957K, capacity 14892K, committed 14976K, reserved 1048576K
Event: 1219.577 GC heap after
Heap after GC invocations=31 (full 5):
 PSYoungGen      total 384512K, used 19956K [0x00000000e0000000, 0x0000000100000000, 0x0000000100000000)
  eden space 260608K, 0% used [0x00000000e0000000,0x00000000e0000000,0x00000000efe80000)
  from space 123904K, 16% used [0x00000000f7380000,0x00000000f86fd208,0x00000000fec80000)
  to   space 119808K, 0% used [0x00000000efe80000,0x00000000efe80000,0x00000000f7380000)
 ParOldGen       total 488448K, used 325019K [0x00000000a0000000, 0x00000000bdd00000, 0x00000000e0000000)
  object space 488448K, 66% used [0x00000000a0000000,0x00000000b3d66e18,0x00000000bdd00000)
 Metaspace       used 108376K, capacity 112786K, committed 112984K, reserved 1146880K
  class space    used 13957K, capacity 14892K, committed 14976K, reserved 1048576K
}
Event: 1236.942 GC heap before
{Heap before GC invocations=32 (full 5):
 PSYoungGen      total 384512K, used 280564K [0x00000000e0000000, 0x0000000100000000, 0x0000000100000000)
  eden space 260608K, 100% used [0x00000000e0000000,0x00000000efe80000,0x00000000efe80000)
  from space 123904K, 16% used [0x00000000f7380000,0x00000000f86fd208,0x00000000fec80000)
  to   space 119808K, 0% used [0x00000000efe80000,0x00000000efe80000,0x00000000f7380000)
 ParOldGen       total 488448K, used 325019K [0x00000000a0000000, 0x00000000bdd00000, 0x00000000e0000000)
  object space 488448K, 66% used [0x00000000a0000000,0x00000000b3d66e18,0x00000000bdd00000)
 Metaspace       used 119014K, capacity 123600K, committed 123864K, reserved 1157120K
  class space    used 15320K, capacity 16309K, committed 16384K, reserved 1048576K
Event: 1237.063 GC heap after
Heap after GC invocations=32 (full 5):
 PSYoungGen      total 380416K, used 79656K [0x00000000e0000000, 0x0000000100000000, 0x0000000100000000)
  eden space 260608K, 0% used [0x00000000e0000000,0x00000000e0000000,0x00000000efe80000)
  from space 119808K, 66% used [0x00000000efe80000,0x00000000f4c4a240,0x00000000f7380000)
  to   space 126464K, 0% used [0x00000000f8480000,0x00000000f8480000,0x0000000100000000)
 ParOldGen       total 488448K, used 325027K [0x00000000a0000000, 0x00000000bdd00000, 0x00000000e0000000)
  object space 488448K, 66% used [0x00000000a0000000,0x00000000b3d68e18,0x00000000bdd00000)
 Metaspace       used 119014K, capacity 123600K, committed 123864K, reserved 1157120K
  class space    used 15320K, capacity 16309K, committed 16384K, reserved 1048576K
}
Event: 1241.076 GC heap before
{Heap before GC invocations=33 (full 5):
 PSYoungGen      total 380416K, used 340264K [0x00000000e0000000, 0x0000000100000000, 0x0000000100000000)
  eden space 260608K, 100% used [0x00000000e0000000,0x00000000efe80000,0x00000000efe80000)
  from space 119808K, 66% used [0x00000000efe80000,0x00000000f4c4a240,0x00000000f7380000)
  to   space 126464K, 0% used [0x00000000f8480000,0x00000000f8480000,0x0000000100000000)
 ParOldGen       total 488448K, used 325027K [0x00000000a0000000, 0x00000000bdd00000, 0x00000000e0000000)
  object space 488448K, 66% used [0x00000000a0000000,0x00000000b3d68e18,0x00000000bdd00000)
 Metaspace       used 124760K, capacity 129606K, committed 129752K, reserved 1161216K
  class space    used 16005K, capacity 17044K, committed 17152K, reserved 1048576K
Event: 1241.292 GC heap after
Heap after GC invocations=33 (full 5):
 PSYoungGen      total 354816K, used 125149K [0x00000000e0000000, 0x0000000100000000, 0x0000000100000000)
  eden space 228352K, 0% used [0x00000000e0000000,0x00000000e0000000,0x00000000edf00000)
  from space 126464K, 98% used [0x00000000f8480000,0x00000000ffeb7630,0x0000000100000000)
  to   space 147968K, 0% used [0x00000000edf00000,0x00000000edf00000,0x00000000f6f80000)
 ParOldGen       total 488448K, used 325035K [0x00000000a0000000, 0x00000000bdd00000, 0x00000000e0000000)
  object space 488448K, 66% used [0x00000000a0000000,0x00000000b3d6ae18,0x00000000bdd00000)
 Metaspace       used 124760K, capacity 129606K, committed 129752K, reserved 1161216K
  class space    used 16005K, capacity 17044K, committed 17152K, reserved 1048576K
}
Event: 1245.285 GC heap before
{Heap before GC invocations=34 (full 5):
 PSYoungGen      total 354816K, used 353501K [0x00000000e0000000, 0x0000000100000000, 0x0000000100000000)
  eden space 228352K, 100% used [0x00000000e0000000,0x00000000edf00000,0x00000000edf00000)
  from space 126464K, 98% used [0x00000000f8480000,0x00000000ffeb7630,0x0000000100000000)
  to   space 147968K, 0% used [0x00000000edf00000,0x00000000edf00000,0x00000000f6f80000)
 ParOldGen       total 488448K, used 325035K [0x00000000a0000000, 0x00000000bdd00000, 0x00000000e0000000)
  object space 488448K, 66% used [0x00000000a0000000,0x00000000b3d6ae18,0x00000000bdd00000)
 Metaspace       used 126835K, capacity 132090K, committed 132312K, reserved 1165312K
  class space    used 16283K, capacity 17376K, committed 17408K, reserved 1048576K
Event: 1245.507 GC heap after
Heap after GC invocations=34 (full 5):
 PSYoungGen      total 375296K, used 146795K [0x00000000e0000000, 0x0000000100000000, 0x0000000100000000)
  eden space 228352K, 0% used [0x00000000e0000000,0x00000000e0000000,0x00000000edf00000)
  from space 146944K, 99% used [0x00000000edf00000,0x00000000f6e5ac28,0x00000000f6e80000)
  to   space 148992K, 0% used [0x00000000f6e80000,0x00000000f6e80000,0x0000000100000000)
 ParOldGen       total 488448K, used 325043K [0x00000000a0000000, 0x00000000bdd00000, 0x00000000e0000000)
  object space 488448K, 66% used [0x00000000a0000000,0x00000000b3d6ce18,0x00000000bdd00000)
 Metaspace       used 126835K, capacity 132090K, committed 132312K, reserved 1165312K
  class space    used 16283K, capacity 17376K, committed 17408K, reserved 1048576K
}
Event: 1246.470 GC heap before
{Heap before GC invocations=35 (full 5):
 PSYoungGen      total 375296K, used 375147K [0x00000000e0000000, 0x0000000100000000, 0x0000000100000000)
  eden space 228352K, 100% used [0x00000000e0000000,0x00000000edf00000,0x00000000edf00000)
  from space 146944K, 99% used [0x00000000edf00000,0x00000000f6e5ac28,0x00000000f6e80000)
  to   space 148992K, 0% used [0x00000000f6e80000,0x00000000f6e80000,0x0000000100000000)
 ParOldGen       total 488448K, used 325043K [0x00000000a0000000, 0x00000000bdd00000, 0x00000000e0000000)
  object space 488448K, 66% used [0x00000000a0000000,0x00000000b3d6ce18,0x00000000bdd00000)
 Metaspace       used 126849K, capacity 132162K, committed 132312K, reserved 1165312K
  class space    used 16283K, capacity 17376K, committed 17408K, reserved 1048576K

Deoptimization events (10 events):
Event: 1244.596 Thread 0x000000001d44d000 Uncommon trap: reason=unloaded action=reinterpret pc=0x000000000622e77c method=org.openjdk.tools.javac.parser.JavaTokenizer.readToken()Lorg/openjdk/tools/javac/parser/Tokens$Token; @ 2196
Event: 1244.673 Thread 0x000000001d44d000 Uncommon trap: reason=class_check action=maybe_recompile pc=0x0000000006229788 method=org.openjdk.tools.javac.parser.Scanner.token(I)Lorg/openjdk/tools/javac/parser/Tokens$Token; @ 26
Event: 1244.673 Thread 0x000000001d44d000 Uncommon trap: reason=class_check action=maybe_recompile pc=0x0000000006229788 method=org.openjdk.tools.javac.parser.Scanner.token(I)Lorg/openjdk/tools/javac/parser/Tokens$Token; @ 26
Event: 1244.673 Thread 0x000000001d44d000 Uncommon trap: reason=class_check action=maybe_recompile pc=0x0000000006229788 method=org.openjdk.tools.javac.parser.Scanner.token(I)Lorg/openjdk/tools/javac/parser/Tokens$Token; @ 26
Event: 1244.673 Thread 0x000000001d44d000 Uncommon trap: reason=class_check action=maybe_recompile pc=0x0000000006229788 method=org.openjdk.tools.javac.parser.Scanner.token(I)Lorg/openjdk/tools/javac/parser/Tokens$Token; @ 26
Event: 1244.673 Thread 0x000000001d44d000 Uncommon trap: reason=class_check action=maybe_recompile pc=0x000000000621a0d0 method=org.openjdk.tools.javac.parser.Scanner.nextToken()V @ 31
Event: 1244.673 Thread 0x000000001d44d000 Uncommon trap: reason=class_check action=maybe_recompile pc=0x000000000621a0d0 method=org.openjdk.tools.javac.parser.Scanner.nextToken()V @ 31
Event: 1244.673 Thread 0x000000001d44d000 Uncommon trap: reason=class_check action=maybe_recompile pc=0x000000000621a0d0 method=org.openjdk.tools.javac.parser.Scanner.nextToken()V @ 31
Event: 1244.674 Thread 0x000000001d44d000 Uncommon trap: reason=class_check action=maybe_recompile pc=0x000000000621a0d0 method=org.openjdk.tools.javac.parser.Scanner.nextToken()V @ 31
Event: 1245.256 Thread 0x000000001d44d000 Uncommon trap: reason=unstable_if action=reinterpret pc=0x00000000062dcd44 method=android.databinding.tool.reflection.SdkUtil$ApiChecker.buildFullLookup()V @ 49

Classes redefined (0 events):
No events

Internal exceptions (10 events):
Event: 968.859 Thread 0x000000001b6ec000 Exception <a 'sun/nio/fs/WindowsException'> (0x00000000e751a410) thrown at [D:\src\AOSP-openjdk-cygwin\jdk8u\hotspot\src\share\vm\prims\jni.cpp, line 709]
Event: 969.098 Thread 0x000000001b6dd000 Exception <a 'java/lang/ClassNotFoundException': org/gradle/api/plugins/JavaPluginConventionBeanInfo> (0x00000000e77a7b98) thrown at [D:\src\AOSP-openjdk-cygwin\jdk8u\hotspot\src\share\vm\classfile\systemDictionary.cpp, line 210]
Event: 969.102 Thread 0x000000001b6dd000 Exception <a 'java/lang/ClassNotFoundException': org/gradle/api/plugins/JavaPluginConventionCustomizer> (0x00000000e77e4cb8) thrown at [D:\src\AOSP-openjdk-cygwin\jdk8u\hotspot\src\share\vm\classfile\systemDictionary.cpp, line 210]
Event: 969.107 Thread 0x000000001b6dd000 Exception <a 'java/lang/NoSuchMethodError': java.lang.Object.newSystemTemporaryDirectory()Lcom/android/tools/build/apkzlib/bytestorage/TemporaryDirectory;> (0x00000000e783b170) thrown at [D:\src\AOSP-openjdk-cygwin\jdk8u\hotspot\src\share\vm\interpreter\l
Event: 969.439 Thread 0x000000001b6dd000 Exception <a 'java/lang/NoSuchMethodError': java.lang.Object.lambda$or$2(Ljava/util/function/Predicate;Ljava/lang/Object;)Z> (0x00000000e81b7410) thrown at [D:\src\AOSP-openjdk-cygwin\jdk8u\hotspot\src\share\vm\interpreter\linkResolver.cpp, line 584]
Event: 1211.708 Thread 0x000000001b6dd000 Exception <a 'sun/nio/fs/WindowsException'> (0x00000000e9db5ae8) thrown at [D:\src\AOSP-openjdk-cygwin\jdk8u\hotspot\src\share\vm\prims\jni.cpp, line 709]
Event: 1211.749 Thread 0x000000001b6dd000 Exception <a 'sun/nio/fs/WindowsException'> (0x00000000e9dc3090) thrown at [D:\src\AOSP-openjdk-cygwin\jdk8u\hotspot\src\share\vm\prims\jni.cpp, line 709]
Event: 1211.977 Thread 0x000000001b6dd000 Exception <a 'sun/nio/fs/WindowsException'> (0x00000000ea44b200) thrown at [D:\src\AOSP-openjdk-cygwin\jdk8u\hotspot\src\share\vm\prims\jni.cpp, line 709]
Event: 1232.393 Thread 0x000000001d44d000 Implicit null exception at 0x000000000475f147 to 0x000000000475faf9
Event: 1240.646 Thread 0x000000001d44d000 Exception <a 'java/lang/ClassNotFoundException': com/sun/org/glassfish/hk2/osgiresourcelocator/ServiceLoader> (0x00000000ecf19a78) thrown at [D:\src\AOSP-openjdk-cygwin\jdk8u\hotspot\src\share\vm\classfile\systemDictionary.cpp, line 210]

Events (10 events):
Event: 1245.163 Thread 0x000000001d44d000 DEOPT PACKING pc=0x00000000062c02b6 sp=0x0000000029cfcc50
Event: 1245.163 Thread 0x000000001d44d000 DEOPT UNPACKING pc=0x00000000027c75d0 sp=0x0000000029cfc9e0 mode 0
Event: 1245.256 Thread 0x000000001d44d000 Uncommon trap: trap_request=0xffffff65 fr.pc=0x00000000062dcd44
Event: 1245.256 Thread 0x000000001d44d000 DEOPT PACKING pc=0x00000000062dcd44 sp=0x0000000029cfcc50
Event: 1245.256 Thread 0x000000001d44d000 DEOPT UNPACKING pc=0x00000000027c557b sp=0x0000000029cfcc60 mode 2
Event: 1245.285 Executing VM operation: ParallelGCFailedAllocation
Event: 1245.507 Executing VM operation: ParallelGCFailedAllocation done
Event: 1246.210 Thread 0x000000001d44d000 DEOPT PACKING pc=0x00000000050fd393 sp=0x0000000029cfc840
Event: 1246.210 Thread 0x000000001d44d000 DEOPT UNPACKING pc=0x00000000027c75d0 sp=0x0000000029cfc640 mode 0
Event: 1246.469 Executing VM operation: ParallelGCFailedAllocation


Dynamic libraries:
0x00007ff670950000 - 0x00007ff670981000 	C:\Program Files\Android\Android Studio\jre\bin\java.exe
0x00007ffc0d6d0000 - 0x00007ffc0d8b1000 	C:\WINDOWS\SYSTEM32\ntdll.dll
0x00007ffc0d2d0000 - 0x00007ffc0d382000 	C:\WINDOWS\System32\KERNEL32.DLL
0x00007ffc0a0a0000 - 0x00007ffc0a313000 	C:\WINDOWS\System32\KERNELBASE.dll
0x00007ffc0d5f0000 - 0x00007ffc0d691000 	C:\WINDOWS\System32\ADVAPI32.dll
0x00007ffc0abc0000 - 0x00007ffc0ac5e000 	C:\WINDOWS\System32\msvcrt.dll
0x00007ffc0ab60000 - 0x00007ffc0abbb000 	C:\WINDOWS\System32\sechost.dll
0x00007ffc0ac60000 - 0x00007ffc0ad84000 	C:\WINDOWS\System32\RPCRT4.dll
0x00007ffc0cbf0000 - 0x00007ffc0cd80000 	C:\WINDOWS\System32\USER32.dll
0x00007ffc09de0000 - 0x00007ffc09e00000 	C:\WINDOWS\System32\win32u.dll
0x00007ffc0cd80000 - 0x00007ffc0cda8000 	C:\WINDOWS\System32\GDI32.dll
0x00007ffc09e00000 - 0x00007ffc09f92000 	C:\WINDOWS\System32\gdi32full.dll
0x00007ffc09b00000 - 0x00007ffc09b9f000 	C:\WINDOWS\System32\msvcp_win.dll
0x00007ffc09fa0000 - 0x00007ffc0a09a000 	C:\WINDOWS\System32\ucrtbase.dll
0x00007ffbfddf0000 - 0x00007ffbfe059000 	C:\WINDOWS\WinSxS\amd64_microsoft.windows.common-controls_6595b64144ccf1df_6.0.17134.590_none_fb3d9bff3069e088\COMCTL32.dll
0x00007ffc0b100000 - 0x00007ffc0b422000 	C:\WINDOWS\System32\combase.dll
0x00007ffc0aae0000 - 0x00007ffc0ab5a000 	C:\WINDOWS\System32\bcryptPrimitives.dll
0x00007ffc0d390000 - 0x00007ffc0d3bd000 	C:\WINDOWS\System32\IMM32.DLL
0x0000000059fd0000 - 0x000000005a0a2000 	C:\Program Files\Android\Android Studio\jre\jre\bin\msvcr100.dll
0x000000005a340000 - 0x000000005ab81000 	C:\Program Files\Android\Android Studio\jre\jre\bin\server\jvm.dll
0x00007ffc0d530000 - 0x00007ffc0d538000 	C:\WINDOWS\System32\PSAPI.DLL
0x00007ffc05e30000 - 0x00007ffc05e53000 	C:\WINDOWS\SYSTEM32\WINMM.dll
0x00007ffbf5620000 - 0x00007ffbf5629000 	C:\WINDOWS\SYSTEM32\WSOCK32.dll
0x00007ffc0b090000 - 0x00007ffc0b0fc000 	C:\WINDOWS\System32\WS2_32.dll
0x00007ffbf99e0000 - 0x00007ffbf99ea000 	C:\WINDOWS\SYSTEM32\VERSION.dll
0x00007ffc05e00000 - 0x00007ffc05e2a000 	C:\WINDOWS\SYSTEM32\WINMMBASE.dll
0x00007ffc09d90000 - 0x00007ffc09dd9000 	C:\WINDOWS\System32\cfgmgr32.dll
0x00007ffc05ef0000 - 0x00007ffc05eff000 	C:\Program Files\Android\Android Studio\jre\jre\bin\verify.dll
0x00007ffc04220000 - 0x00007ffc04249000 	C:\Program Files\Android\Android Studio\jre\jre\bin\java.dll
0x00007ffbf7790000 - 0x00007ffbf77a6000 	C:\Program Files\Android\Android Studio\jre\jre\bin\zip.dll
0x00007ffc0b430000 - 0x00007ffc0c870000 	C:\WINDOWS\System32\SHELL32.dll
0x00007ffc0d540000 - 0x00007ffc0d5e9000 	C:\WINDOWS\System32\shcore.dll
0x00007ffc0a320000 - 0x00007ffc0aa2d000 	C:\WINDOWS\System32\windows.storage.dll
0x00007ffc0c870000 - 0x00007ffc0c8c1000 	C:\WINDOWS\System32\shlwapi.dll
0x00007ffc09a50000 - 0x00007ffc09a61000 	C:\WINDOWS\System32\kernel.appcore.dll
0x00007ffc099e0000 - 0x00007ffc099ff000 	C:\WINDOWS\System32\profapi.dll
0x00007ffc09a00000 - 0x00007ffc09a4c000 	C:\WINDOWS\System32\powrprof.dll
0x00007ffc09a90000 - 0x00007ffc09a9a000 	C:\WINDOWS\System32\FLTLIB.DLL
0x00007ffbf7760000 - 0x00007ffbf777a000 	C:\Program Files\Android\Android Studio\jre\jre\bin\net.dll
0x00007ffc09260000 - 0x00007ffc092c6000 	C:\WINDOWS\system32\mswsock.dll
0x00007ffbf2bd0000 - 0x00007ffbf2be1000 	C:\Program Files\Android\Android Studio\jre\jre\bin\nio.dll
0x00007ffc02b60000 - 0x00007ffc02b7e000 	C:\Users\breezil\.gradle\native\25\windows-amd64\native-platform.dll
0x00007ffc05780000 - 0x00007ffc0578d000 	C:\Program Files\Android\Android Studio\jre\jre\bin\management.dll
0x00007ffc09420000 - 0x00007ffc09437000 	C:\WINDOWS\SYSTEM32\CRYPTSP.dll
0x00007ffc08e40000 - 0x00007ffc08e73000 	C:\WINDOWS\system32\rsaenh.dll
0x00007ffc09540000 - 0x00007ffc09565000 	C:\WINDOWS\SYSTEM32\bcrypt.dll
0x00007ffc09910000 - 0x00007ffc09938000 	C:\WINDOWS\SYSTEM32\USERENV.dll
0x00007ffc09410000 - 0x00007ffc0941b000 	C:\WINDOWS\SYSTEM32\CRYPTBASE.dll
0x00007ffc08fe0000 - 0x00007ffc09018000 	C:\WINDOWS\SYSTEM32\IPHLPAPI.DLL
0x00007ffc0d440000 - 0x00007ffc0d448000 	C:\WINDOWS\System32\NSI.dll
0x00007ffbff660000 - 0x00007ffbff676000 	C:\WINDOWS\SYSTEM32\dhcpcsvc6.DLL
0x00007ffbff640000 - 0x00007ffbff65a000 	C:\WINDOWS\SYSTEM32\dhcpcsvc.DLL
0x000000006adc0000 - 0x000000006aeb2000 	C:\Users\breezil\AppData\Local\Temp\room-6eff5aa2-bee0-4c43-9a96-ce68faa53fac\sqlite-3.20.1-009cdb06-537c-42d2-a616-dd2a9e0c99d2-sqlitejdbc.dll
0x0000000000a90000 - 0x0000000000b82000 	C:\Users\breezil\AppData\Local\Temp\room-b536b9d4-e75f-49bc-8f93-de34acd3c61f\sqlite-3.20.1-2419aa31-8ca0-4b91-aab9-ebd76f2a09bc-sqlitejdbc.dll
0x00007ffbf7ba0000 - 0x00007ffbf7d69000 	C:\WINDOWS\SYSTEM32\dbghelp.dll

VM Arguments:
jvm_args: -Xmx1536m -Dfile.encoding=windows-1252 -Duser.country=US -Duser.language=en -Duser.variant 
java_command: org.gradle.launcher.daemon.bootstrap.GradleDaemon 4.6
java_class_path (initial): C:\Users\breezil\.gradle\wrapper\dists\gradle-4.6-all\bcst21l2brirad8k2ben1letg\gradle-4.6\lib\gradle-launcher-4.6.jar
Launcher Type: SUN_STANDARD

Environment Variables:
JAVA_HOME=C:\Program Files\Java\jdk1.8.0_171
USERNAME=breezil
OS=Windows_NT
PROCESSOR_IDENTIFIER=Intel64 Family 6 Model 69 Stepping 1, GenuineIntel



---------------  S Y S T E M  ---------------

OS: Windows 10.0 , 64 bit Build 17134 (10.0.17134.556)

CPU:total 4 (initial active 4) (2 cores per cpu, 2 threads per core) family 6 model 69 stepping 1, cmov, cx8, fxsr, mmx, sse, sse2, sse3, ssse3, sse4.1, sse4.2, popcnt, avx, avx2, aes, clmul, erms, lzcnt, ht, tsc, tscinvbit, bmi1, bmi2

Memory: 4k page, physical 8291876k(925956k free), swap 15894052k(3440692k free)

vm_info: OpenJDK 64-Bit Server VM (25.152-b01) for windows-amd64 JRE (1.8.0_152-release-1248-b01), built by "builder" with MS VC++ 10.0 (VS2010)

time: Fri Feb 22 07:02:29 2019
elapsed time: 1246 seconds (0d 0h 20m 46s)

